[ 2019-03-13T09:31:10+08:00 ] 127.0.0.1 /
INFO: [ app_init ] --START--
INFO: Run Behavior\BuildLiteBehavior [ RunTime:0.000232s ]
INFO: [ app_init ] --END-- [ RunTime:0.012849s ]
INFO: [ app_begin ] --START--
INFO: Run Behavior\ReadHtmlCacheBehavior [ RunTime:0.032525s ]
INFO: [ app_begin ] --END-- [ RunTime:0.033415s ]
SQL: SHOW COLUMNS FROM `tyn_goods` [ RunTime:0.0542s ]
SQL: select g.*,u.u_nickname from tyn_goods as g join tyn_users as u on g.from_id = u.id order by g.g_time desc limit 15 [ RunTime:0.0745s ]
INFO: [ view_parse ] --START--
INFO: [ template_filter ] --START--
INFO: Run Behavior\ContentReplaceBehavior [ RunTime:0.001559s ]
INFO: [ template_filter ] --END-- [ RunTime:0.002417s ]
NOTIC: [8] session_start(): A session had already been started - ignoring D:\xampp\htdocs\TYN\tyn\Application\Runtime\Cache\Home\0d6509e863112dc5821b22ecb897e16e.php 第 125 行.
INFO: Run Behavior\ParseTemplateBehavior [ RunTime:0.146135s ]
INFO: [ view_parse ] --END-- [ RunTime:0.147103s ]
INFO: [ view_filter ] --START--
INFO: Run Behavior\WriteHtmlCacheBehavior [ RunTime:0.014593s ]
INFO: [ view_filter ] --END-- [ RunTime:0.015541s ]
INFO: [ app_end ] --START--
INFO: Run Behavior\ShowPageTraceBehavior [ RunTime:0.021661s ]
INFO: [ app_end ] --END-- [ RunTime:0.022779s ]

[ 2019-03-13T09:34:17+08:00 ] 127.0.0.1 /
INFO: [ app_init ] --START--
INFO: Run Behavior\BuildLiteBehavior [ RunTime:0.000212s ]
INFO: [ app_init ] --END-- [ RunTime:0.002119s ]
INFO: [ app_begin ] --START--
INFO: Run Behavior\ReadHtmlCacheBehavior [ RunTime:0.002449s ]
INFO: [ app_begin ] --END-- [ RunTime:0.003420s ]
SQL: SHOW COLUMNS FROM `tyn_goods` [ RunTime:0.0060s ]
SQL: select g.*,u.u_nickname from tyn_goods as g join tyn_users as u on g.from_id = u.id order by g.g_time desc limit 15 [ RunTime:0.0013s ]
INFO: [ view_parse ] --START--
INFO: [ template_filter ] --START--
INFO: Run Behavior\ContentReplaceBehavior [ RunTime:0.000550s ]
INFO: [ template_filter ] --END-- [ RunTime:0.001598s ]
NOTIC: [8] session_start(): A session had already been started - ignoring D:\xampp\htdocs\TYN\tyn\Application\Runtime\Cache\Home\0d6509e863112dc5821b22ecb897e16e.php 第 125 行.
INFO: Run Behavior\ParseTemplateBehavior [ RunTime:0.049292s ]
INFO: [ view_parse ] --END-- [ RunTime:0.050123s ]
INFO: [ view_filter ] --START--
INFO: Run Behavior\WriteHtmlCacheBehavior [ RunTime:0.001862s ]
INFO: [ view_filter ] --END-- [ RunTime:0.002746s ]
INFO: [ app_end ] --START--
INFO: Run Behavior\ShowPageTraceBehavior [ RunTime:0.002415s ]
INFO: [ app_end ] --END-- [ RunTime:0.003735s ]

[ 2019-03-13T09:34:19+08:00 ] 127.0.0.1 /
INFO: [ app_init ] --START--
INFO: Run Behavior\BuildLiteBehavior [ RunTime:0.000233s ]
INFO: [ app_init ] --END-- [ RunTime:0.002249s ]
INFO: [ app_begin ] --START--
INFO: Run Behavior\ReadHtmlCacheBehavior [ RunTime:0.002481s ]
INFO: [ app_begin ] --END-- [ RunTime:0.003442s ]
SQL: SHOW COLUMNS FROM `tyn_goods` [ RunTime:0.0053s ]
SQL: select g.*,u.u_nickname from tyn_goods as g join tyn_users as u on g.from_id = u.id order by g.g_time desc limit 15 [ RunTime:0.0018s ]
INFO: [ view_parse ] --START--
INFO: [ template_filter ] --START--
INFO: Run Behavior\ContentReplaceBehavior [ RunTime:0.000582s ]
INFO: [ template_filter ] --END-- [ RunTime:0.001459s ]
NOTIC: [8] session_start(): A session had already been started - ignoring D:\xampp\htdocs\TYN\tyn\Application\Runtime\Cache\Home\0d6509e863112dc5821b22ecb897e16e.php 第 125 行.
INFO: Run Behavior\ParseTemplateBehavior [ RunTime:0.047737s ]
INFO: [ view_parse ] --END-- [ RunTime:0.048714s ]
INFO: [ view_filter ] --START--
INFO: Run Behavior\WriteHtmlCacheBehavior [ RunTime:0.001966s ]
INFO: [ view_filter ] --END-- [ RunTime:0.002910s ]
INFO: [ app_end ] --START--
INFO: Run Behavior\ShowPageTraceBehavior [ RunTime:0.004398s ]
INFO: [ app_end ] --END-- [ RunTime:0.005517s ]

[ 2019-03-13T09:34:20+08:00 ] 127.0.0.1 /
INFO: [ app_init ] --START--
INFO: Run Behavior\BuildLiteBehavior [ RunTime:0.000240s ]
INFO: [ app_init ] --END-- [ RunTime:0.002039s ]
INFO: [ app_begin ] --START--
INFO: Run Behavior\ReadHtmlCacheBehavior [ RunTime:0.002361s ]
INFO: [ app_begin ] --END-- [ RunTime:0.003221s ]
SQL: SHOW COLUMNS FROM `tyn_goods` [ RunTime:0.0076s ]
SQL: select g.*,u.u_nickname from tyn_goods as g join tyn_users as u on g.from_id = u.id order by g.g_time desc limit 15 [ RunTime:0.0016s ]
INFO: [ view_parse ] --START--
INFO: [ template_filter ] --START--
INFO: Run Behavior\ContentReplaceBehavior [ RunTime:0.000585s ]
INFO: [ template_filter ] --END-- [ RunTime:0.001433s ]
NOTIC: [8] session_start(): A session had already been started - ignoring D:\xampp\htdocs\TYN\tyn\Application\Runtime\Cache\Home\0d6509e863112dc5821b22ecb897e16e.php 第 125 行.
INFO: Run Behavior\ParseTemplateBehavior [ RunTime:0.051838s ]
INFO: [ view_parse ] --END-- [ RunTime:0.052971s ]
INFO: [ view_filter ] --START--
INFO: Run Behavior\WriteHtmlCacheBehavior [ RunTime:0.002821s ]
INFO: [ view_filter ] --END-- [ RunTime:0.003787s ]
INFO: [ app_end ] --START--
INFO: Run Behavior\ShowPageTraceBehavior [ RunTime:0.003245s ]
INFO: [ app_end ] --END-- [ RunTime:0.004370s ]

[ 2019-03-13T09:34:37+08:00 ] 127.0.0.1 /
INFO: [ app_init ] --START--
INFO: Run Behavior\BuildLiteBehavior [ RunTime:0.000217s ]
INFO: [ app_init ] --END-- [ RunTime:0.002167s ]
INFO: [ app_begin ] --START--
INFO: Run Behavior\ReadHtmlCacheBehavior [ RunTime:0.002397s ]
INFO: [ app_begin ] --END-- [ RunTime:0.003365s ]
SQL: SHOW COLUMNS FROM `tyn_goods` [ RunTime:0.0059s ]
SQL: select g.*,u.u_nickname from tyn_goods as g join tyn_users as u on g.from_id = u.id order by g.g_time desc limit 15 [ RunTime:0.0016s ]
INFO: [ view_parse ] --START--
INFO: [ template_filter ] --START--
INFO: Run Behavior\ContentReplaceBehavior [ RunTime:0.000647s ]
INFO: [ template_filter ] --END-- [ RunTime:0.001536s ]
NOTIC: [8] session_start(): A session had already been started - ignoring D:\xampp\htdocs\TYN\tyn\Application\Runtime\Cache\Home\0d6509e863112dc5821b22ecb897e16e.php 第 125 行.
INFO: Run Behavior\ParseTemplateBehavior [ RunTime:0.049460s ]
INFO: [ view_parse ] --END-- [ RunTime:0.050329s ]
INFO: [ view_filter ] --START--
INFO: Run Behavior\WriteHtmlCacheBehavior [ RunTime:0.001900s ]
INFO: [ view_filter ] --END-- [ RunTime:0.002735s ]
INFO: [ app_end ] --START--
INFO: Run Behavior\ShowPageTraceBehavior [ RunTime:0.004465s ]
INFO: [ app_end ] --END-- [ RunTime:0.005838s ]

[ 2019-03-13T09:34:38+08:00 ] 127.0.0.1 /
INFO: [ app_init ] --START--
INFO: Run Behavior\BuildLiteBehavior [ RunTime:0.000233s ]
INFO: [ app_init ] --END-- [ RunTime:0.002115s ]
INFO: [ app_begin ] --START--
INFO: Run Behavior\ReadHtmlCacheBehavior [ RunTime:0.001340s ]
INFO: [ app_begin ] --END-- [ RunTime:0.002241s ]
SQL: SHOW COLUMNS FROM `tyn_goods` [ RunTime:0.0083s ]
SQL: select g.*,u.u_nickname from tyn_goods as g join tyn_users as u on g.from_id = u.id order by g.g_time desc limit 15 [ RunTime:0.0015s ]
INFO: [ view_parse ] --START--
INFO: [ template_filter ] --START--
INFO: Run Behavior\ContentReplaceBehavior [ RunTime:0.000583s ]
INFO: [ template_filter ] --END-- [ RunTime:0.001460s ]
NOTIC: [8] session_start(): A session had already been started - ignoring D:\xampp\htdocs\TYN\tyn\Application\Runtime\Cache\Home\0d6509e863112dc5821b22ecb897e16e.php 第 125 行.
INFO: Run Behavior\ParseTemplateBehavior [ RunTime:0.042945s ]
INFO: [ view_parse ] --END-- [ RunTime:0.043844s ]
INFO: [ view_filter ] --START--
INFO: Run Behavior\WriteHtmlCacheBehavior [ RunTime:0.001283s ]
INFO: [ view_filter ] --END-- [ RunTime:0.002163s ]
INFO: [ app_end ] --START--
INFO: Run Behavior\ShowPageTraceBehavior [ RunTime:0.001628s ]
INFO: [ app_end ] --END-- [ RunTime:0.002684s ]

[ 2019-03-13T09:34:39+08:00 ] 127.0.0.1 /
INFO: [ app_init ] --START--
INFO: Run Behavior\BuildLiteBehavior [ RunTime:0.000325s ]
INFO: [ app_init ] --END-- [ RunTime:0.002668s ]
INFO: [ app_begin ] --START--
INFO: Run Behavior\ReadHtmlCacheBehavior [ RunTime:0.001692s ]
INFO: [ app_begin ] --END-- [ RunTime:0.002683s ]
SQL: SHOW COLUMNS FROM `tyn_goods` [ RunTime:0.0053s ]
SQL: select g.*,u.u_nickname from tyn_goods as g join tyn_users as u on g.from_id = u.id order by g.g_time desc limit 15 [ RunTime:0.0018s ]
INFO: [ view_parse ] --START--
INFO: [ template_filter ] --START--
INFO: Run Behavior\ContentReplaceBehavior [ RunTime:0.000599s ]
INFO: [ template_filter ] --END-- [ RunTime:0.001480s ]
NOTIC: [8] session_start(): A session had already been started - ignoring D:\xampp\htdocs\TYN\tyn\Application\Runtime\Cache\Home\0d6509e863112dc5821b22ecb897e16e.php 第 125 行.
INFO: Run Behavior\ParseTemplateBehavior [ RunTime:0.042691s ]
INFO: [ view_parse ] --END-- [ RunTime:0.043588s ]
INFO: [ view_filter ] --START--
INFO: Run Behavior\WriteHtmlCacheBehavior [ RunTime:0.001268s ]
INFO: [ view_filter ] --END-- [ RunTime:0.002167s ]
INFO: [ app_end ] --START--
INFO: Run Behavior\ShowPageTraceBehavior [ RunTime:0.002291s ]
INFO: [ app_end ] --END-- [ RunTime:0.003325s ]

[ 2019-03-13T09:34:39+08:00 ] 127.0.0.1 /
INFO: [ app_init ] --START--
INFO: Run Behavior\BuildLiteBehavior [ RunTime:0.000300s ]
INFO: [ app_init ] --END-- [ RunTime:0.002565s ]
INFO: [ app_begin ] --START--
INFO: Run Behavior\ReadHtmlCacheBehavior [ RunTime:0.001454s ]
INFO: [ app_begin ] --END-- [ RunTime:0.002789s ]
SQL: SHOW COLUMNS FROM `tyn_goods` [ RunTime:0.0060s ]
SQL: select g.*,u.u_nickname from tyn_goods as g join tyn_users as u on g.from_id = u.id order by g.g_time desc limit 15 [ RunTime:0.0012s ]
INFO: [ view_parse ] --START--
INFO: [ template_filter ] --START--
INFO: Run Behavior\ContentReplaceBehavior [ RunTime:0.000618s ]
INFO: [ template_filter ] --END-- [ RunTime:0.001659s ]
NOTIC: [8] session_start(): A session had already been started - ignoring D:\xampp\htdocs\TYN\tyn\Application\Runtime\Cache\Home\0d6509e863112dc5821b22ecb897e16e.php 第 125 行.
INFO: Run Behavior\ParseTemplateBehavior [ RunTime:0.043223s ]
INFO: [ view_parse ] --END-- [ RunTime:0.044120s ]
INFO: [ view_filter ] --START--
INFO: Run Behavior\WriteHtmlCacheBehavior [ RunTime:0.001267s ]
INFO: [ view_filter ] --END-- [ RunTime:0.002125s ]
INFO: [ app_end ] --START--
INFO: Run Behavior\ShowPageTraceBehavior [ RunTime:0.002304s ]
INFO: [ app_end ] --END-- [ RunTime:0.003609s ]

[ 2019-03-13T09:34:41+08:00 ] 127.0.0.1 /index.php/Home/Index/issuance.html
INFO: [ app_init ] --START--
INFO: Run Behavior\BuildLiteBehavior [ RunTime:0.000210s ]
INFO: [ app_init ] --END-- [ RunTime:0.001750s ]
INFO: [ app_begin ] --START--
INFO: Run Behavior\ReadHtmlCacheBehavior [ RunTime:0.001790s ]
INFO: [ app_begin ] --END-- [ RunTime:0.002767s ]
INFO: [ view_parse ] --START--
INFO: [ template_filter ] --START--
INFO: Run Behavior\ContentReplaceBehavior [ RunTime:0.000513s ]
INFO: [ template_filter ] --END-- [ RunTime:0.001500s ]
INFO: Run Behavior\ParseTemplateBehavior [ RunTime:0.036115s ]
INFO: [ view_parse ] --END-- [ RunTime:0.037023s ]
INFO: [ view_filter ] --START--
INFO: Run Behavior\WriteHtmlCacheBehavior [ RunTime:0.001184s ]
INFO: [ view_filter ] --END-- [ RunTime:0.002060s ]
INFO: [ app_end ] --START--
INFO: Run Behavior\ShowPageTraceBehavior [ RunTime:0.001351s ]
INFO: [ app_end ] --END-- [ RunTime:0.002320s ]

[ 2019-03-13T09:34:45+08:00 ] 127.0.0.1 /index.php/Home/Goods/details?gid=15
INFO: [ app_init ] --START--
INFO: Run Behavior\BuildLiteBehavior [ RunTime:0.000375s ]
INFO: [ app_init ] --END-- [ RunTime:0.002457s ]
INFO: [ app_begin ] --START--
INFO: Run Behavior\ReadHtmlCacheBehavior [ RunTime:0.001868s ]
INFO: [ app_begin ] --END-- [ RunTime:0.002787s ]
SQL: SHOW COLUMNS FROM `tyn_goods` [ RunTime:0.0055s ]
SQL: SHOW COLUMNS FROM `tyn_goods` [ RunTime:0.0062s ]
SQL: SELECT g.*,u.u_nickname,u.u_uptime,u.u_credit FROM tyn_goods g INNER JOIN tyn_users as u on g.from_id=u.id  LIMIT 1   [ RunTime:0.0044s ]
INFO: [ view_parse ] --START--
INFO: [ template_filter ] --START--
INFO: Run Behavior\ContentReplaceBehavior [ RunTime:0.000832s ]
INFO: [ template_filter ] --END-- [ RunTime:0.002159s ]
INFO: Run Behavior\ParseTemplateBehavior [ RunTime:0.047785s ]
INFO: [ view_parse ] --END-- [ RunTime:0.049232s ]
INFO: [ view_filter ] --START--
INFO: Run Behavior\WriteHtmlCacheBehavior [ RunTime:0.001292s ]
INFO: [ view_filter ] --END-- [ RunTime:0.002145s ]
INFO: [ app_end ] --START--
INFO: Run Behavior\ShowPageTraceBehavior [ RunTime:0.001370s ]
INFO: [ app_end ] --END-- [ RunTime:0.002252s ]

[ 2019-03-13T09:34:50+08:00 ] 127.0.0.1 /index.php/Home/Goods/collect.html
INFO: [ app_init ] --START--
INFO: Run Behavior\BuildLiteBehavior [ RunTime:0.000233s ]
INFO: [ app_init ] --END-- [ RunTime:0.001921s ]
INFO: [ app_begin ] --START--
INFO: Run Behavior\ReadHtmlCacheBehavior [ RunTime:0.001348s ]
INFO: [ app_begin ] --END-- [ RunTime:0.002174s ]
NOTIC: [8] Undefined index: uid D:\xampp\htdocs\TYN\tyn\Application\Home\Controller\GoodsController.class.php 第 39 行.

[ 2019-03-13T09:35:50+08:00 ] 127.0.0.1 /index.php/Home/User/index.html
INFO: [ app_init ] --START--
INFO: Run Behavior\BuildLiteBehavior [ RunTime:0.000212s ]
INFO: [ app_init ] --END-- [ RunTime:0.001796s ]
INFO: [ app_begin ] --START--
INFO: Run Behavior\ReadHtmlCacheBehavior [ RunTime:0.001354s ]
INFO: [ app_begin ] --END-- [ RunTime:0.002208s ]
INFO: [ view_parse ] --START--
INFO: [ template_filter ] --START--
INFO: Run Behavior\ContentReplaceBehavior [ RunTime:0.000543s ]
INFO: [ template_filter ] --END-- [ RunTime:0.001409s ]
INFO: Run Behavior\ParseTemplateBehavior [ RunTime:0.046725s ]
INFO: [ view_parse ] --END-- [ RunTime:0.047974s ]
INFO: [ view_filter ] --START--
INFO: Run Behavior\WriteHtmlCacheBehavior [ RunTime:0.001277s ]
INFO: [ view_filter ] --END-- [ RunTime:0.002156s ]
INFO: [ app_end ] --START--
INFO: Run Behavior\ShowPageTraceBehavior [ RunTime:0.001327s ]
INFO: [ app_end ] --END-- [ RunTime:0.002188s ]

[ 2019-03-13T09:42:02+08:00 ] 127.0.0.1 /index.php/Home/User/index.html
INFO: [ app_init ] --START--
INFO: Run Behavior\BuildLiteBehavior [ RunTime:0.000214s ]
INFO: [ app_init ] --END-- [ RunTime:0.002053s ]
INFO: [ app_begin ] --START--
INFO: Run Behavior\ReadHtmlCacheBehavior [ RunTime:0.002415s ]
INFO: [ app_begin ] --END-- [ RunTime:0.003441s ]
INFO: [ view_parse ] --START--
INFO: [ template_filter ] --START--
INFO: Run Behavior\ContentReplaceBehavior [ RunTime:0.000553s ]
INFO: [ template_filter ] --END-- [ RunTime:0.001428s ]
INFO: Run Behavior\ParseTemplateBehavior [ RunTime:0.031203s ]
INFO: [ view_parse ] --END-- [ RunTime:0.032069s ]
INFO: [ view_filter ] --START--
INFO: Run Behavior\WriteHtmlCacheBehavior [ RunTime:0.002304s ]
INFO: [ view_filter ] --END-- [ RunTime:0.003441s ]
INFO: [ app_end ] --START--
INFO: Run Behavior\ShowPageTraceBehavior [ RunTime:0.002137s ]
INFO: [ app_end ] --END-- [ RunTime:0.003027s ]

[ 2019-03-13T09:43:13+08:00 ] 127.0.0.1 /index.php/Home/User/index.html
INFO: [ app_init ] --START--
INFO: Run Behavior\BuildLiteBehavior [ RunTime:0.000211s ]
INFO: [ app_init ] --END-- [ RunTime:0.002073s ]
INFO: [ app_begin ] --START--
INFO: Run Behavior\ReadHtmlCacheBehavior [ RunTime:0.002730s ]
INFO: [ app_begin ] --END-- [ RunTime:0.003660s ]
INFO: [ view_parse ] --START--
INFO: [ template_filter ] --START--
INFO: Run Behavior\ContentReplaceBehavior [ RunTime:0.000519s ]
INFO: [ template_filter ] --END-- [ RunTime:0.001348s ]
INFO: Run Behavior\ParseTemplateBehavior [ RunTime:0.031979s ]
INFO: [ view_parse ] --END-- [ RunTime:0.032924s ]
INFO: [ view_filter ] --START--
INFO: Run Behavior\WriteHtmlCacheBehavior [ RunTime:0.001874s ]
INFO: [ view_filter ] --END-- [ RunTime:0.002868s ]
INFO: [ app_end ] --START--
INFO: Run Behavior\ShowPageTraceBehavior [ RunTime:0.002051s ]
INFO: [ app_end ] --END-- [ RunTime:0.002882s ]

[ 2019-03-13T09:43:15+08:00 ] 127.0.0.1 /index.php/Home/User/index.html
INFO: [ app_init ] --START--
INFO: Run Behavior\BuildLiteBehavior [ RunTime:0.000253s ]
INFO: [ app_init ] --END-- [ RunTime:0.002068s ]
INFO: [ app_begin ] --START--
INFO: Run Behavior\ReadHtmlCacheBehavior [ RunTime:0.002638s ]
INFO: [ app_begin ] --END-- [ RunTime:0.003497s ]
INFO: [ view_parse ] --START--
INFO: [ template_filter ] --START--
INFO: Run Behavior\ContentReplaceBehavior [ RunTime:0.000552s ]
INFO: [ template_filter ] --END-- [ RunTime:0.001450s ]
INFO: Run Behavior\ParseTemplateBehavior [ RunTime:0.032402s ]
INFO: [ view_parse ] --END-- [ RunTime:0.033263s ]
INFO: [ view_filter ] --START--
INFO: Run Behavior\WriteHtmlCacheBehavior [ RunTime:0.002019s ]
INFO: [ view_filter ] --END-- [ RunTime:0.002899s ]
INFO: [ app_end ] --START--
INFO: Run Behavior\ShowPageTraceBehavior [ RunTime:0.003059s ]
INFO: [ app_end ] --END-- [ RunTime:0.004254s ]

[ 2019-03-13T09:43:15+08:00 ] 127.0.0.1 /index.php/Home/User/index.html
INFO: [ app_init ] --START--
INFO: Run Behavior\BuildLiteBehavior [ RunTime:0.000233s ]
INFO: [ app_init ] --END-- [ RunTime:0.002107s ]
INFO: [ app_begin ] --START--
INFO: Run Behavior\ReadHtmlCacheBehavior [ RunTime:0.001488s ]
INFO: [ app_begin ] --END-- [ RunTime:0.002369s ]
INFO: [ view_parse ] --START--
INFO: [ template_filter ] --START--
INFO: Run Behavior\ContentReplaceBehavior [ RunTime:0.000557s ]
INFO: [ template_filter ] --END-- [ RunTime:0.001457s ]
INFO: Run Behavior\ParseTemplateBehavior [ RunTime:0.032068s ]
INFO: [ view_parse ] --END-- [ RunTime:0.032996s ]
INFO: [ view_filter ] --START--
INFO: Run Behavior\WriteHtmlCacheBehavior [ RunTime:0.001390s ]
INFO: [ view_filter ] --END-- [ RunTime:0.002557s ]
INFO: [ app_end ] --START--
INFO: Run Behavior\ShowPageTraceBehavior [ RunTime:0.003065s ]
INFO: [ app_end ] --END-- [ RunTime:0.003969s ]

[ 2019-03-13T09:43:15+08:00 ] 127.0.0.1 /index.php/Home/User/index.html
INFO: [ app_init ] --START--
INFO: Run Behavior\BuildLiteBehavior [ RunTime:0.000225s ]
INFO: [ app_init ] --END-- [ RunTime:0.002250s ]
INFO: [ app_begin ] --START--
INFO: Run Behavior\ReadHtmlCacheBehavior [ RunTime:0.002707s ]
INFO: [ app_begin ] --END-- [ RunTime:0.003614s ]
INFO: [ view_parse ] --START--
INFO: [ template_filter ] --START--
INFO: Run Behavior\ContentReplaceBehavior [ RunTime:0.000564s ]
INFO: [ template_filter ] --END-- [ RunTime:0.001533s ]
INFO: Run Behavior\ParseTemplateBehavior [ RunTime:0.047257s ]
INFO: [ view_parse ] --END-- [ RunTime:0.048708s ]
INFO: [ view_filter ] --START--
INFO: Run Behavior\WriteHtmlCacheBehavior [ RunTime:0.002446s ]
INFO: [ view_filter ] --END-- [ RunTime:0.003401s ]
INFO: [ app_end ] --START--
INFO: Run Behavior\ShowPageTraceBehavior [ RunTime:0.002281s ]
INFO: [ app_end ] --END-- [ RunTime:0.003169s ]

[ 2019-03-13T09:43:15+08:00 ] 127.0.0.1 /index.php/Home/User/index.html
INFO: [ app_init ] --START--
INFO: Run Behavior\BuildLiteBehavior [ RunTime:0.000233s ]
INFO: [ app_init ] --END-- [ RunTime:0.002722s ]
INFO: [ app_begin ] --START--
INFO: Run Behavior\ReadHtmlCacheBehavior [ RunTime:0.001758s ]
INFO: [ app_begin ] --END-- [ RunTime:0.002674s ]
INFO: [ view_parse ] --START--
INFO: [ template_filter ] --START--
INFO: Run Behavior\ContentReplaceBehavior [ RunTime:0.000571s ]
INFO: [ template_filter ] --END-- [ RunTime:0.001480s ]
INFO: Run Behavior\ParseTemplateBehavior [ RunTime:0.032130s ]
INFO: [ view_parse ] --END-- [ RunTime:0.033660s ]
INFO: [ view_filter ] --START--
INFO: Run Behavior\WriteHtmlCacheBehavior [ RunTime:0.001367s ]
INFO: [ view_filter ] --END-- [ RunTime:0.002272s ]
INFO: [ app_end ] --START--
INFO: Run Behavior\ShowPageTraceBehavior [ RunTime:0.002659s ]
INFO: [ app_end ] --END-- [ RunTime:0.003669s ]

[ 2019-03-13T09:43:15+08:00 ] 127.0.0.1 /index.php/Home/User/index.html
INFO: [ app_init ] --START--
INFO: Run Behavior\BuildLiteBehavior [ RunTime:0.000216s ]
INFO: [ app_init ] --END-- [ RunTime:0.001741s ]
INFO: [ app_begin ] --START--
INFO: Run Behavior\ReadHtmlCacheBehavior [ RunTime:0.001425s ]
INFO: [ app_begin ] --END-- [ RunTime:0.002298s ]
INFO: [ view_parse ] --START--
INFO: [ template_filter ] --START--
INFO: Run Behavior\ContentReplaceBehavior [ RunTime:0.000645s ]
INFO: [ template_filter ] --END-- [ RunTime:0.001797s ]
INFO: Run Behavior\ParseTemplateBehavior [ RunTime:0.027183s ]
INFO: [ view_parse ] --END-- [ RunTime:0.028069s ]
INFO: [ view_filter ] --START--
INFO: Run Behavior\WriteHtmlCacheBehavior [ RunTime:0.001143s ]
INFO: [ view_filter ] --END-- [ RunTime:0.002015s ]
INFO: [ app_end ] --START--
INFO: Run Behavior\ShowPageTraceBehavior [ RunTime:0.001516s ]
INFO: [ app_end ] --END-- [ RunTime:0.002505s ]

[ 2019-03-13T09:57:09+08:00 ] 127.0.0.1 /index.php/Home/User/index.html
INFO: [ app_init ] --START--
INFO: Run Behavior\BuildLiteBehavior [ RunTime:0.000254s ]
INFO: [ app_init ] --END-- [ RunTime:0.002287s ]
INFO: [ app_begin ] --START--
INFO: Run Behavior\ReadHtmlCacheBehavior [ RunTime:0.003233s ]
INFO: [ app_begin ] --END-- [ RunTime:0.004140s ]
INFO: [ view_parse ] --START--
INFO: [ template_filter ] --START--
INFO: Run Behavior\ContentReplaceBehavior [ RunTime:0.000589s ]
INFO: [ template_filter ] --END-- [ RunTime:0.001824s ]
INFO: Run Behavior\ParseTemplateBehavior [ RunTime:0.034764s ]
INFO: [ view_parse ] --END-- [ RunTime:0.035707s ]
INFO: [ view_filter ] --START--
INFO: Run Behavior\WriteHtmlCacheBehavior [ RunTime:0.001926s ]
INFO: [ view_filter ] --END-- [ RunTime:0.002997s ]
INFO: [ app_end ] --START--
INFO: Run Behavior\ShowPageTraceBehavior [ RunTime:0.002950s ]
INFO: [ app_end ] --END-- [ RunTime:0.004502s ]

[ 2019-03-13T09:57:12+08:00 ] 127.0.0.1 /index.php/Home/User/fabu.html
INFO: [ app_init ] --START--
INFO: Run Behavior\BuildLiteBehavior [ RunTime:0.000248s ]
INFO: [ app_init ] --END-- [ RunTime:0.002359s ]
INFO: [ app_begin ] --START--
INFO: Run Behavior\ReadHtmlCacheBehavior [ RunTime:0.001593s ]
INFO: [ app_begin ] --END-- [ RunTime:0.002773s ]
NOTIC: [8] Undefined index: uid D:\xampp\htdocs\TYN\tyn\Application\Home\Controller\UserController.class.php 第 15 行.
SQL: SHOW COLUMNS FROM `tyn_goods` [ RunTime:0.0063s ]
NOTIC: [8] Undefined variable: gooods D:\xampp\htdocs\TYN\tyn\Application\Home\Controller\UserController.class.php 第 18 行.
ERR: Call to a member function where() on null

[ 2019-03-13T09:57:55+08:00 ] 127.0.0.1 /index.php/Home/User/fabu.html
INFO: [ app_init ] --START--
INFO: Run Behavior\BuildLiteBehavior [ RunTime:0.000209s ]
INFO: [ app_init ] --END-- [ RunTime:0.001794s ]
INFO: [ app_begin ] --START--
INFO: Run Behavior\ReadHtmlCacheBehavior [ RunTime:0.001407s ]
INFO: [ app_begin ] --END-- [ RunTime:0.002284s ]
SQL: SHOW COLUMNS FROM `tyn_goods` [ RunTime:0.0058s ]
NOTIC: [8] Undefined variable: gooods D:\xampp\htdocs\TYN\tyn\Application\Home\Controller\UserController.class.php 第 18 行.
ERR: Call to a member function where() on null

[ 2019-03-13T09:57:56+08:00 ] 127.0.0.1 /index.php/Home/User/fabu.html
INFO: [ app_init ] --START--
INFO: Run Behavior\BuildLiteBehavior [ RunTime:0.000248s ]
INFO: [ app_init ] --END-- [ RunTime:0.002005s ]
INFO: [ app_begin ] --START--
INFO: Run Behavior\ReadHtmlCacheBehavior [ RunTime:0.001508s ]
INFO: [ app_begin ] --END-- [ RunTime:0.002612s ]
SQL: SHOW COLUMNS FROM `tyn_goods` [ RunTime:0.0053s ]
NOTIC: [8] Undefined variable: gooods D:\xampp\htdocs\TYN\tyn\Application\Home\Controller\UserController.class.php 第 18 行.
ERR: Call to a member function where() on null

[ 2019-03-13T09:57:56+08:00 ] 127.0.0.1 /index.php/Home/User/fabu.html
INFO: [ app_init ] --START--
INFO: Run Behavior\BuildLiteBehavior [ RunTime:0.000229s ]
INFO: [ app_init ] --END-- [ RunTime:0.001880s ]
INFO: [ app_begin ] --START--
INFO: Run Behavior\ReadHtmlCacheBehavior [ RunTime:0.001564s ]
INFO: [ app_begin ] --END-- [ RunTime:0.002650s ]
SQL: SHOW COLUMNS FROM `tyn_goods` [ RunTime:0.0063s ]
NOTIC: [8] Undefined variable: gooods D:\xampp\htdocs\TYN\tyn\Application\Home\Controller\UserController.class.php 第 18 行.
ERR: Call to a member function where() on null

[ 2019-03-13T09:57:56+08:00 ] 127.0.0.1 /index.php/Home/User/fabu.html
INFO: [ app_init ] --START--
INFO: Run Behavior\BuildLiteBehavior [ RunTime:0.000320s ]
INFO: [ app_init ] --END-- [ RunTime:0.002603s ]
INFO: [ app_begin ] --START--
INFO: Run Behavior\ReadHtmlCacheBehavior [ RunTime:0.001399s ]
INFO: [ app_begin ] --END-- [ RunTime:0.002293s ]
SQL: SHOW COLUMNS FROM `tyn_goods` [ RunTime:0.0053s ]
NOTIC: [8] Undefined variable: gooods D:\xampp\htdocs\TYN\tyn\Application\Home\Controller\UserController.class.php 第 18 行.
ERR: Call to a member function where() on null

[ 2019-03-13T09:57:56+08:00 ] 127.0.0.1 /index.php/Home/User/fabu.html
INFO: [ app_init ] --START--
INFO: Run Behavior\BuildLiteBehavior [ RunTime:0.000204s ]
INFO: [ app_init ] --END-- [ RunTime:0.001971s ]
INFO: [ app_begin ] --START--
INFO: Run Behavior\ReadHtmlCacheBehavior [ RunTime:0.001467s ]
INFO: [ app_begin ] --END-- [ RunTime:0.002476s ]
SQL: SHOW COLUMNS FROM `tyn_goods` [ RunTime:0.0070s ]
NOTIC: [8] Undefined variable: gooods D:\xampp\htdocs\TYN\tyn\Application\Home\Controller\UserController.class.php 第 18 行.
ERR: Call to a member function where() on null

[ 2019-03-13T09:57:56+08:00 ] 127.0.0.1 /index.php/Home/User/fabu.html
INFO: [ app_init ] --START--
INFO: Run Behavior\BuildLiteBehavior [ RunTime:0.000229s ]
INFO: [ app_init ] --END-- [ RunTime:0.001706s ]
INFO: [ app_begin ] --START--
INFO: Run Behavior\ReadHtmlCacheBehavior [ RunTime:0.001513s ]
INFO: [ app_begin ] --END-- [ RunTime:0.002499s ]
SQL: SHOW COLUMNS FROM `tyn_goods` [ RunTime:0.0058s ]
NOTIC: [8] Undefined variable: gooods D:\xampp\htdocs\TYN\tyn\Application\Home\Controller\UserController.class.php 第 18 行.
ERR: Call to a member function where() on null

[ 2019-03-13T09:58:03+08:00 ] 127.0.0.1 /index.php/Home/User/%3C
INFO: [ app_init ] --START--
INFO: Run Behavior\BuildLiteBehavior [ RunTime:0.000208s ]
INFO: [ app_init ] --END-- [ RunTime:0.001987s ]
INFO: [ app_begin ] --START--
INFO: Run Behavior\ReadHtmlCacheBehavior [ RunTime:0.002399s ]
INFO: [ app_begin ] --END-- [ RunTime:0.003506s ]
ERR: 非法操作:

[ 2019-03-13T09:58:49+08:00 ] 127.0.0.1 /index.php/Home/User/%3C
INFO: [ app_init ] --START--
INFO: Run Behavior\BuildLiteBehavior [ RunTime:0.000254s ]
INFO: [ app_init ] --END-- [ RunTime:0.001898s ]
INFO: [ app_begin ] --START--
INFO: Run Behavior\ReadHtmlCacheBehavior [ RunTime:0.001411s ]
INFO: [ app_begin ] --END-- [ RunTime:0.002316s ]
ERR: 非法操作:

[ 2019-03-13T09:58:50+08:00 ] 127.0.0.1 /index.php/Home/User/%3C
INFO: [ app_init ] --START--
INFO: Run Behavior\BuildLiteBehavior [ RunTime:0.000235s ]
INFO: [ app_init ] --END-- [ RunTime:0.001733s ]
INFO: [ app_begin ] --START--
INFO: Run Behavior\ReadHtmlCacheBehavior [ RunTime:0.001393s ]
INFO: [ app_begin ] --END-- [ RunTime:0.002272s ]
ERR: 非法操作:

[ 2019-03-13T09:58:50+08:00 ] 127.0.0.1 /index.php/Home/User/%3C
INFO: [ app_init ] --START--
INFO: Run Behavior\BuildLiteBehavior [ RunTime:0.000252s ]
INFO: [ app_init ] --END-- [ RunTime:0.001764s ]
INFO: [ app_begin ] --START--
INFO: Run Behavior\ReadHtmlCacheBehavior [ RunTime:0.001554s ]
INFO: [ app_begin ] --END-- [ RunTime:0.002580s ]
ERR: 非法操作:

[ 2019-03-13T09:58:51+08:00 ] 127.0.0.1 /index.php/Home/User/%3C
INFO: [ app_init ] --START--
INFO: Run Behavior\BuildLiteBehavior [ RunTime:0.000210s ]
INFO: [ app_init ] --END-- [ RunTime:0.001759s ]
INFO: [ app_begin ] --START--
INFO: Run Behavior\ReadHtmlCacheBehavior [ RunTime:0.001503s ]
INFO: [ app_begin ] --END-- [ RunTime:0.002529s ]
ERR: 非法操作:

[ 2019-03-13T09:58:51+08:00 ] 127.0.0.1 /index.php/Home/User/%3C
INFO: [ app_init ] --START--
INFO: Run Behavior\BuildLiteBehavior [ RunTime:0.000205s ]
INFO: [ app_init ] --END-- [ RunTime:0.001834s ]
INFO: [ app_begin ] --START--
INFO: Run Behavior\ReadHtmlCacheBehavior [ RunTime:0.001357s ]
INFO: [ app_begin ] --END-- [ RunTime:0.002239s ]
ERR: 非法操作:

[ 2019-03-13T09:58:51+08:00 ] 127.0.0.1 /index.php/Home/User/%3C
INFO: [ app_init ] --START--
INFO: Run Behavior\BuildLiteBehavior [ RunTime:0.000293s ]
INFO: [ app_init ] --END-- [ RunTime:0.001963s ]
INFO: [ app_begin ] --START--
INFO: Run Behavior\ReadHtmlCacheBehavior [ RunTime:0.001540s ]
INFO: [ app_begin ] --END-- [ RunTime:0.002396s ]
ERR: 非法操作:

[ 2019-03-13T09:58:51+08:00 ] 127.0.0.1 /index.php/Home/User/%3C
INFO: [ app_init ] --START--
INFO: Run Behavior\BuildLiteBehavior [ RunTime:0.000350s ]
INFO: [ app_init ] --END-- [ RunTime:0.002842s ]
INFO: [ app_begin ] --START--
INFO: Run Behavior\ReadHtmlCacheBehavior [ RunTime:0.001439s ]
INFO: [ app_begin ] --END-- [ RunTime:0.002392s ]
ERR: 非法操作:

[ 2019-03-13T09:58:51+08:00 ] 127.0.0.1 /index.php/Home/User/%3C
INFO: [ app_init ] --START--
INFO: Run Behavior\BuildLiteBehavior [ RunTime:0.000227s ]
INFO: [ app_init ] --END-- [ RunTime:0.001659s ]
INFO: [ app_begin ] --START--
INFO: Run Behavior\ReadHtmlCacheBehavior [ RunTime:0.001342s ]
INFO: [ app_begin ] --END-- [ RunTime:0.002212s ]
ERR: 非法操作:

[ 2019-03-13T09:58:52+08:00 ] 127.0.0.1 /index.php/Home/User/%3C
INFO: [ app_init ] --START--
INFO: Run Behavior\BuildLiteBehavior [ RunTime:0.000272s ]
INFO: [ app_init ] --END-- [ RunTime:0.002195s ]
INFO: [ app_begin ] --START--
INFO: Run Behavior\ReadHtmlCacheBehavior [ RunTime:0.001402s ]
INFO: [ app_begin ] --END-- [ RunTime:0.002269s ]
ERR: 非法操作:

[ 2019-03-13T09:58:52+08:00 ] 127.0.0.1 /index.php/Home/User/%3C
INFO: [ app_init ] --START--
INFO: Run Behavior\BuildLiteBehavior [ RunTime:0.000327s ]
INFO: [ app_init ] --END-- [ RunTime:0.002470s ]
INFO: [ app_begin ] --START--
INFO: Run Behavior\ReadHtmlCacheBehavior [ RunTime:0.001532s ]
INFO: [ app_begin ] --END-- [ RunTime:0.002443s ]
ERR: 非法操作:

[ 2019-03-13T09:58:52+08:00 ] 127.0.0.1 /index.php/Home/User/%3C
INFO: [ app_init ] --START--
INFO: Run Behavior\BuildLiteBehavior [ RunTime:0.000305s ]
INFO: [ app_init ] --END-- [ RunTime:0.002352s ]
INFO: [ app_begin ] --START--
INFO: Run Behavior\ReadHtmlCacheBehavior [ RunTime:0.001889s ]
INFO: [ app_begin ] --END-- [ RunTime:0.003068s ]
ERR: 非法操作:

[ 2019-03-13T09:59:16+08:00 ] 127.0.0.1 /index.php/Home/User/%3C
INFO: [ app_init ] --START--
INFO: Run Behavior\BuildLiteBehavior [ RunTime:0.000233s ]
INFO: [ app_init ] --END-- [ RunTime:0.001885s ]
INFO: [ app_begin ] --START--
INFO: Run Behavior\ReadHtmlCacheBehavior [ RunTime:0.003095s ]
INFO: [ app_begin ] --END-- [ RunTime:0.004210s ]
ERR: 非法操作:

[ 2019-03-13T09:59:16+08:00 ] 127.0.0.1 /index.php/Home/User/%3C
INFO: [ app_init ] --START--
INFO: Run Behavior\BuildLiteBehavior [ RunTime:0.000241s ]
INFO: [ app_init ] --END-- [ RunTime:0.002194s ]
INFO: [ app_begin ] --START--
INFO: Run Behavior\ReadHtmlCacheBehavior [ RunTime:0.001400s ]
INFO: [ app_begin ] --END-- [ RunTime:0.002325s ]
ERR: 非法操作:

[ 2019-03-13T09:59:17+08:00 ] 127.0.0.1 /index.php/Home/User/%3C
INFO: [ app_init ] --START--
INFO: Run Behavior\BuildLiteBehavior [ RunTime:0.000445s ]
INFO: [ app_init ] --END-- [ RunTime:0.002670s ]
INFO: [ app_begin ] --START--
INFO: Run Behavior\ReadHtmlCacheBehavior [ RunTime:0.001355s ]
INFO: [ app_begin ] --END-- [ RunTime:0.002205s ]
ERR: 非法操作:

[ 2019-03-13T09:59:18+08:00 ] 127.0.0.1 /index.php/Home/User/%3C
INFO: [ app_init ] --START--
INFO: Run Behavior\BuildLiteBehavior [ RunTime:0.000256s ]
INFO: [ app_init ] --END-- [ RunTime:0.001935s ]
INFO: [ app_begin ] --START--
INFO: Run Behavior\ReadHtmlCacheBehavior [ RunTime:0.001426s ]
INFO: [ app_begin ] --END-- [ RunTime:0.002304s ]
ERR: 非法操作:

[ 2019-03-13T09:59:59+08:00 ] 127.0.0.1 /index.php/Home/User/%3C
INFO: [ app_init ] --START--
INFO: Run Behavior\BuildLiteBehavior [ RunTime:0.000224s ]
INFO: [ app_init ] --END-- [ RunTime:0.002002s ]
INFO: [ app_begin ] --START--
INFO: Run Behavior\ReadHtmlCacheBehavior [ RunTime:0.002484s ]
INFO: [ app_begin ] --END-- [ RunTime:0.003591s ]
ERR: 非法操作:

[ 2019-03-13T09:59:59+08:00 ] 127.0.0.1 /index.php/Home/User/%3C
INFO: [ app_init ] --START--
INFO: Run Behavior\BuildLiteBehavior [ RunTime:0.000234s ]
INFO: [ app_init ] --END-- [ RunTime:0.001877s ]
INFO: [ app_begin ] --START--
INFO: Run Behavior\ReadHtmlCacheBehavior [ RunTime:0.001444s ]
INFO: [ app_begin ] --END-- [ RunTime:0.002395s ]
ERR: 非法操作:

[ 2019-03-13T10:00:00+08:00 ] 127.0.0.1 /index.php/Home/User/%3C
INFO: [ app_init ] --START--
INFO: Run Behavior\BuildLiteBehavior [ RunTime:0.000213s ]
INFO: [ app_init ] --END-- [ RunTime:0.001725s ]
INFO: [ app_begin ] --START--
INFO: Run Behavior\ReadHtmlCacheBehavior [ RunTime:0.001480s ]
INFO: [ app_begin ] --END-- [ RunTime:0.002389s ]
ERR: 非法操作:

[ 2019-03-13T10:00:00+08:00 ] 127.0.0.1 /index.php/Home/User/%3C
INFO: [ app_init ] --START--
INFO: Run Behavior\BuildLiteBehavior [ RunTime:0.000252s ]
INFO: [ app_init ] --END-- [ RunTime:0.001852s ]
INFO: [ app_begin ] --START--
INFO: Run Behavior\ReadHtmlCacheBehavior [ RunTime:0.001481s ]
INFO: [ app_begin ] --END-- [ RunTime:0.002372s ]
ERR: 非法操作:

[ 2019-03-13T10:00:00+08:00 ] 127.0.0.1 /index.php/Home/User/%3C
INFO: [ app_init ] --START--
INFO: Run Behavior\BuildLiteBehavior [ RunTime:0.000217s ]
INFO: [ app_init ] --END-- [ RunTime:0.001830s ]
INFO: [ app_begin ] --START--
INFO: Run Behavior\ReadHtmlCacheBehavior [ RunTime:0.001564s ]
INFO: [ app_begin ] --END-- [ RunTime:0.002495s ]
ERR: 非法操作:

[ 2019-03-13T10:00:00+08:00 ] 127.0.0.1 /index.php/Home/User/%3C
INFO: [ app_init ] --START--
INFO: Run Behavior\BuildLiteBehavior [ RunTime:0.000240s ]
INFO: [ app_init ] --END-- [ RunTime:0.002574s ]
INFO: [ app_begin ] --START--
INFO: Run Behavior\ReadHtmlCacheBehavior [ RunTime:0.001391s ]
INFO: [ app_begin ] --END-- [ RunTime:0.002243s ]
ERR: 非法操作:

[ 2019-03-13T10:00:02+08:00 ] 127.0.0.1 /index.php/Home/User/%3C
INFO: [ app_init ] --START--
INFO: Run Behavior\BuildLiteBehavior [ RunTime:0.000248s ]
INFO: [ app_init ] --END-- [ RunTime:0.001760s ]
INFO: [ app_begin ] --START--
INFO: Run Behavior\ReadHtmlCacheBehavior [ RunTime:0.001461s ]
INFO: [ app_begin ] --END-- [ RunTime:0.002482s ]
ERR: 非法操作:

[ 2019-03-13T10:01:37+08:00 ] 127.0.0.1 /index.php/Home/User/%3C
INFO: [ app_init ] --START--
INFO: Run Behavior\BuildLiteBehavior [ RunTime:0.000205s ]
INFO: [ app_init ] --END-- [ RunTime:0.001719s ]
INFO: [ app_begin ] --START--
INFO: Run Behavior\ReadHtmlCacheBehavior [ RunTime:0.001431s ]
INFO: [ app_begin ] --END-- [ RunTime:0.002339s ]
ERR: 非法操作:

[ 2019-03-13T10:01:38+08:00 ] 127.0.0.1 /index.php/Home/User/%3C
INFO: [ app_init ] --START--
INFO: Run Behavior\BuildLiteBehavior [ RunTime:0.000300s ]
INFO: [ app_init ] --END-- [ RunTime:0.002389s ]
INFO: [ app_begin ] --START--
INFO: Run Behavior\ReadHtmlCacheBehavior [ RunTime:0.001804s ]
INFO: [ app_begin ] --END-- [ RunTime:0.003006s ]
ERR: 非法操作:

[ 2019-03-13T10:01:38+08:00 ] 127.0.0.1 /index.php/Home/User/%3C
INFO: [ app_init ] --START--
INFO: Run Behavior\BuildLiteBehavior [ RunTime:0.000305s ]
INFO: [ app_init ] --END-- [ RunTime:0.002587s ]
INFO: [ app_begin ] --START--
INFO: Run Behavior\ReadHtmlCacheBehavior [ RunTime:0.001411s ]
INFO: [ app_begin ] --END-- [ RunTime:0.002277s ]
ERR: 非法操作:

[ 2019-03-13T10:01:40+08:00 ] 127.0.0.1 /index.php/Home/User/%3C
INFO: [ app_init ] --START--
INFO: Run Behavior\BuildLiteBehavior [ RunTime:0.000239s ]
INFO: [ app_init ] --END-- [ RunTime:0.002049s ]
INFO: [ app_begin ] --START--
INFO: Run Behavior\ReadHtmlCacheBehavior [ RunTime:0.003169s ]
INFO: [ app_begin ] --END-- [ RunTime:0.004190s ]
ERR: 非法操作:

[ 2019-03-13T10:01:40+08:00 ] 127.0.0.1 /index.php/Home/User/%3C
INFO: [ app_init ] --START--
INFO: Run Behavior\BuildLiteBehavior [ RunTime:0.000214s ]
INFO: [ app_init ] --END-- [ RunTime:0.001751s ]
INFO: [ app_begin ] --START--
INFO: Run Behavior\ReadHtmlCacheBehavior [ RunTime:0.002530s ]
INFO: [ app_begin ] --END-- [ RunTime:0.003585s ]
ERR: 非法操作:

[ 2019-03-13T10:01:40+08:00 ] 127.0.0.1 /index.php/Home/User/%3C
INFO: [ app_init ] --START--
INFO: Run Behavior\BuildLiteBehavior [ RunTime:0.000368s ]
INFO: [ app_init ] --END-- [ RunTime:0.002316s ]
INFO: [ app_begin ] --START--
INFO: Run Behavior\ReadHtmlCacheBehavior [ RunTime:0.001309s ]
INFO: [ app_begin ] --END-- [ RunTime:0.002148s ]
ERR: 非法操作:

[ 2019-03-13T10:01:41+08:00 ] 127.0.0.1 /index.php/Home/User/%3C
INFO: [ app_init ] --START--
INFO: Run Behavior\BuildLiteBehavior [ RunTime:0.000230s ]
INFO: [ app_init ] --END-- [ RunTime:0.003009s ]
INFO: [ app_begin ] --START--
INFO: Run Behavior\ReadHtmlCacheBehavior [ RunTime:0.003652s ]
INFO: [ app_begin ] --END-- [ RunTime:0.004597s ]
ERR: 非法操作:

[ 2019-03-13T10:01:41+08:00 ] 127.0.0.1 /index.php/Home/User/%3C
INFO: [ app_init ] --START--
INFO: Run Behavior\BuildLiteBehavior [ RunTime:0.000237s ]
INFO: [ app_init ] --END-- [ RunTime:0.002052s ]
INFO: [ app_begin ] --START--
INFO: Run Behavior\ReadHtmlCacheBehavior [ RunTime:0.001607s ]
INFO: [ app_begin ] --END-- [ RunTime:0.002599s ]
ERR: 非法操作:

[ 2019-03-13T10:01:41+08:00 ] 127.0.0.1 /index.php/Home/User/%3C
INFO: [ app_init ] --START--
INFO: Run Behavior\BuildLiteBehavior [ RunTime:0.000235s ]
INFO: [ app_init ] --END-- [ RunTime:0.002040s ]
INFO: [ app_begin ] --START--
INFO: Run Behavior\ReadHtmlCacheBehavior [ RunTime:0.001368s ]
INFO: [ app_begin ] --END-- [ RunTime:0.002331s ]
ERR: 非法操作:

[ 2019-03-13T10:01:41+08:00 ] 127.0.0.1 /index.php/Home/User/%3C
INFO: [ app_init ] --START--
INFO: Run Behavior\BuildLiteBehavior [ RunTime:0.000211s ]
INFO: [ app_init ] --END-- [ RunTime:0.001799s ]
INFO: [ app_begin ] --START--
INFO: Run Behavior\ReadHtmlCacheBehavior [ RunTime:0.001389s ]
INFO: [ app_begin ] --END-- [ RunTime:0.002321s ]
ERR: 非法操作:

[ 2019-03-13T10:01:41+08:00 ] 127.0.0.1 /index.php/Home/User/%3C
INFO: [ app_init ] --START--
INFO: Run Behavior\BuildLiteBehavior [ RunTime:0.000205s ]
INFO: [ app_init ] --END-- [ RunTime:0.001704s ]
INFO: [ app_begin ] --START--
INFO: Run Behavior\ReadHtmlCacheBehavior [ RunTime:0.001466s ]
INFO: [ app_begin ] --END-- [ RunTime:0.002303s ]
ERR: 非法操作:

[ 2019-03-13T10:01:41+08:00 ] 127.0.0.1 /index.php/Home/User/%3C
INFO: [ app_init ] --START--
INFO: Run Behavior\BuildLiteBehavior [ RunTime:0.000206s ]
INFO: [ app_init ] --END-- [ RunTime:0.001758s ]
INFO: [ app_begin ] --START--
INFO: Run Behavior\ReadHtmlCacheBehavior [ RunTime:0.001394s ]
INFO: [ app_begin ] --END-- [ RunTime:0.002268s ]
ERR: 非法操作:

[ 2019-03-13T10:01:50+08:00 ] 127.0.0.1 /index.php/Home/User/%3C
INFO: [ app_init ] --START--
INFO: Run Behavior\BuildLiteBehavior [ RunTime:0.000271s ]
INFO: [ app_init ] --END-- [ RunTime:0.002080s ]
INFO: [ app_begin ] --START--
INFO: Run Behavior\ReadHtmlCacheBehavior [ RunTime:0.001350s ]
INFO: [ app_begin ] --END-- [ RunTime:0.002216s ]
ERR: 非法操作:

[ 2019-03-13T10:02:07+08:00 ] 127.0.0.1 /index.php/Home/User/%3C
INFO: [ app_init ] --START--
INFO: Run Behavior\BuildLiteBehavior [ RunTime:0.000251s ]
INFO: [ app_init ] --END-- [ RunTime:0.002103s ]
INFO: [ app_begin ] --START--
INFO: Run Behavior\ReadHtmlCacheBehavior [ RunTime:0.002402s ]
INFO: [ app_begin ] --END-- [ RunTime:0.003411s ]
ERR: 非法操作:

[ 2019-03-13T10:02:08+08:00 ] 127.0.0.1 /index.php/Home/User/%3C
INFO: [ app_init ] --START--
INFO: Run Behavior\BuildLiteBehavior [ RunTime:0.000231s ]
INFO: [ app_init ] --END-- [ RunTime:0.001867s ]
INFO: [ app_begin ] --START--
INFO: Run Behavior\ReadHtmlCacheBehavior [ RunTime:0.001494s ]
INFO: [ app_begin ] --END-- [ RunTime:0.002432s ]
ERR: 非法操作:

[ 2019-03-13T10:02:08+08:00 ] 127.0.0.1 /index.php/Home/User/%3C
INFO: [ app_init ] --START--
INFO: Run Behavior\BuildLiteBehavior [ RunTime:0.000231s ]
INFO: [ app_init ] --END-- [ RunTime:0.001870s ]
INFO: [ app_begin ] --START--
INFO: Run Behavior\ReadHtmlCacheBehavior [ RunTime:0.001494s ]
INFO: [ app_begin ] --END-- [ RunTime:0.002432s ]
ERR: 非法操作:

[ 2019-03-13T10:02:08+08:00 ] 127.0.0.1 /index.php/Home/User/%3C
INFO: [ app_init ] --START--
INFO: Run Behavior\BuildLiteBehavior [ RunTime:0.000298s ]
INFO: [ app_init ] --END-- [ RunTime:0.002432s ]
INFO: [ app_begin ] --START--
INFO: Run Behavior\ReadHtmlCacheBehavior [ RunTime:0.001975s ]
INFO: [ app_begin ] --END-- [ RunTime:0.003233s ]
ERR: 非法操作:

[ 2019-03-13T10:02:08+08:00 ] 127.0.0.1 /index.php/Home/User/%3C
INFO: [ app_init ] --START--
INFO: Run Behavior\BuildLiteBehavior [ RunTime:0.000274s ]
INFO: [ app_init ] --END-- [ RunTime:0.001970s ]
INFO: [ app_begin ] --START--
INFO: Run Behavior\ReadHtmlCacheBehavior [ RunTime:0.001373s ]
INFO: [ app_begin ] --END-- [ RunTime:0.002242s ]
ERR: 非法操作:

[ 2019-03-13T10:02:09+08:00 ] 127.0.0.1 /index.php/Home/User/%3C
INFO: [ app_init ] --START--
INFO: Run Behavior\BuildLiteBehavior [ RunTime:0.000262s ]
INFO: [ app_init ] --END-- [ RunTime:0.002059s ]
INFO: [ app_begin ] --START--
INFO: Run Behavior\ReadHtmlCacheBehavior [ RunTime:0.001470s ]
INFO: [ app_begin ] --END-- [ RunTime:0.002592s ]
ERR: 非法操作:

[ 2019-03-13T10:02:09+08:00 ] 127.0.0.1 /index.php/Home/User/%3C
INFO: [ app_init ] --START--
INFO: Run Behavior\BuildLiteBehavior [ RunTime:0.000291s ]
INFO: [ app_init ] --END-- [ RunTime:0.002363s ]
INFO: [ app_begin ] --START--
INFO: Run Behavior\ReadHtmlCacheBehavior [ RunTime:0.001850s ]
INFO: [ app_begin ] --END-- [ RunTime:0.003049s ]
ERR: 非法操作:

[ 2019-03-13T10:02:11+08:00 ] 127.0.0.1 /index.php/Home/User/%3C
INFO: [ app_init ] --START--
INFO: Run Behavior\BuildLiteBehavior [ RunTime:0.000282s ]
INFO: [ app_init ] --END-- [ RunTime:0.002283s ]
INFO: [ app_begin ] --START--
INFO: Run Behavior\ReadHtmlCacheBehavior [ RunTime:0.001410s ]
INFO: [ app_begin ] --END-- [ RunTime:0.002278s ]
ERR: 非法操作:

