[ 2019-01-02T12:04:03+08:00 ] 127.0.0.1 /TYN/tyn/index.php/css/bootstrap.css
INFO: [ app_init ] --START--
INFO: Run Behavior\BuildLiteBehavior [ RunTime:0.000010s ]
INFO: [ app_init ] --END-- [ RunTime:0.000331s ]
ERR: 无法加载模块:Css

[ 2019-01-02T12:04:03+08:00 ] 127.0.0.1 /TYN/tyn/index.php/css/bootstrap.css
INFO: [ app_init ] --START--
INFO: Run Behavior\BuildLiteBehavior [ RunTime:0.000007s ]
INFO: [ app_init ] --END-- [ RunTime:0.000438s ]
ERR: 无法加载模块:Css

[ 2019-01-02T12:05:26+08:00 ] 127.0.0.1 /TYN/tyn/index.php/__Public__/css/bootstrap.css
INFO: [ app_init ] --START--
INFO: Run Behavior\BuildLiteBehavior [ RunTime:0.000008s ]
INFO: [ app_init ] --END-- [ RunTime:0.000315s ]
ERR: 无法加载模块:__Public__

[ 2019-01-02T12:05:26+08:00 ] 127.0.0.1 /TYN/tyn/index.php/__Public__/css/bootstrap.css
INFO: [ app_init ] --START--
INFO: Run Behavior\BuildLiteBehavior [ RunTime:0.000008s ]
INFO: [ app_init ] --END-- [ RunTime:0.000308s ]
ERR: 无法加载模块:__Public__

[ 2019-01-02T12:05:27+08:00 ] 127.0.0.1 /TYN/tyn/index.php/__Public__/css/bootstrap.css
INFO: [ app_init ] --START--
INFO: Run Behavior\BuildLiteBehavior [ RunTime:0.000008s ]
INFO: [ app_init ] --END-- [ RunTime:0.000280s ]
ERR: 无法加载模块:__Public__

[ 2019-01-02T12:05:27+08:00 ] 127.0.0.1 /TYN/tyn/index.php/__Public__/css/bootstrap.css
INFO: [ app_init ] --START--
INFO: Run Behavior\BuildLiteBehavior [ RunTime:0.000006s ]
INFO: [ app_init ] --END-- [ RunTime:0.000265s ]
ERR: 无法加载模块:__Public__

[ 2019-01-02T12:05:27+08:00 ] 127.0.0.1 /TYN/tyn/index.php/__Public__/css/bootstrap.css
INFO: [ app_init ] --START--
INFO: Run Behavior\BuildLiteBehavior [ RunTime:0.000008s ]
INFO: [ app_init ] --END-- [ RunTime:0.000460s ]
ERR: 无法加载模块:__Public__

[ 2019-01-02T12:05:27+08:00 ] 127.0.0.1 /TYN/tyn/index.php/__Public__/css/bootstrap.css
INFO: [ app_init ] --START--
INFO: Run Behavior\BuildLiteBehavior [ RunTime:0.000006s ]
INFO: [ app_init ] --END-- [ RunTime:0.000291s ]
ERR: 无法加载模块:__Public__

[ 2019-01-02T12:05:27+08:00 ] 127.0.0.1 /TYN/tyn/index.php/__Public__/css/bootstrap.css
INFO: [ app_init ] --START--
INFO: Run Behavior\BuildLiteBehavior [ RunTime:0.000007s ]
INFO: [ app_init ] --END-- [ RunTime:0.000290s ]
ERR: 无法加载模块:__Public__

[ 2019-01-02T12:05:27+08:00 ] 127.0.0.1 /TYN/tyn/index.php/__Public__/css/bootstrap.css
INFO: [ app_init ] --START--
INFO: Run Behavior\BuildLiteBehavior [ RunTime:0.000005s ]
INFO: [ app_init ] --END-- [ RunTime:0.000265s ]
ERR: 无法加载模块:__Public__

[ 2019-01-02T12:05:28+08:00 ] 127.0.0.1 /TYN/tyn/index.php/__Public__/css/bootstrap.css
INFO: [ app_init ] --START--
INFO: Run Behavior\BuildLiteBehavior [ RunTime:0.000007s ]
INFO: [ app_init ] --END-- [ RunTime:0.000321s ]
ERR: 无法加载模块:__Public__

[ 2019-01-02T12:05:28+08:00 ] 127.0.0.1 /TYN/tyn/index.php/__Public__/css/bootstrap.css
INFO: [ app_init ] --START--
INFO: Run Behavior\BuildLiteBehavior [ RunTime:0.000006s ]
INFO: [ app_init ] --END-- [ RunTime:0.000274s ]
ERR: 无法加载模块:__Public__

[ 2019-01-02T12:05:50+08:00 ] 127.0.0.1 /TYN/tyn/index.php/__Public__/css/bootstrap.css
INFO: [ app_init ] --START--
INFO: Run Behavior\BuildLiteBehavior [ RunTime:0.000006s ]
INFO: [ app_init ] --END-- [ RunTime:0.000317s ]
ERR: 无法加载模块:__Public__

[ 2019-01-02T12:05:51+08:00 ] 127.0.0.1 /TYN/tyn/index.php/__Public__/css/bootstrap.css
INFO: [ app_init ] --START--
INFO: Run Behavior\BuildLiteBehavior [ RunTime:0.000007s ]
INFO: [ app_init ] --END-- [ RunTime:0.000323s ]
ERR: 无法加载模块:__Public__

[ 2019-01-02T12:06:12+08:00 ] 127.0.0.1 /TYN/tyn/index.php//TYN/tyn/Public/css/bootstrap.css
INFO: [ app_init ] --START--
INFO: Run Behavior\BuildLiteBehavior [ RunTime:0.000007s ]
INFO: [ app_init ] --END-- [ RunTime:0.000296s ]
ERR: 无法加载模块:TYN

[ 2019-01-02T12:06:12+08:00 ] 127.0.0.1 /TYN/tyn/index.php//TYN/tyn/Public/css/bootstrap.css
INFO: [ app_init ] --START--
INFO: Run Behavior\BuildLiteBehavior [ RunTime:0.000006s ]
INFO: [ app_init ] --END-- [ RunTime:0.000309s ]
ERR: 无法加载模块:TYN

