[ 2019-01-04T14:55:55+08:00 ] 127.0.0.1 /TYN/tyn/index.php/Application/Public/img/zuoye1.png
INFO: [ app_init ] --START--
INFO: Run Behavior\BuildLiteBehavior [ RunTime:0.000010s ]
INFO: [ app_init ] --END-- [ RunTime:0.000362s ]
ERR: 无法加载模块:Application

[ 2019-01-04T14:55:55+08:00 ] 127.0.0.1 /TYN/tyn/index.php/Application/Public/img/zuoye1.png
INFO: [ app_init ] --START--
INFO: Run Behavior\BuildLiteBehavior [ RunTime:0.000009s ]
INFO: [ app_init ] --END-- [ RunTime:0.000408s ]
ERR: 无法加载模块:Application

[ 2019-01-04T14:55:56+08:00 ] 127.0.0.1 /TYN/tyn/index.php/Application/Public/img/zuoye1.png
INFO: [ app_init ] --START--
INFO: Run Behavior\BuildLiteBehavior [ RunTime:0.000006s ]
INFO: [ app_init ] --END-- [ RunTime:0.000302s ]
ERR: 无法加载模块:Application

[ 2019-01-04T14:59:13+08:00 ] 127.0.0.1 /TYN/tyn/index.php/Application/Public/img/zuoye1.png
INFO: [ app_init ] --START--
INFO: Run Behavior\BuildLiteBehavior [ RunTime:0.000032s ]
INFO: [ app_init ] --END-- [ RunTime:0.000692s ]
ERR: 无法加载模块:Application

[ 2019-01-04T14:59:13+08:00 ] 127.0.0.1 /TYN/tyn/index.php/Application/Public/img/zuoye1.png
INFO: [ app_init ] --START--
INFO: Run Behavior\BuildLiteBehavior [ RunTime:0.000008s ]
INFO: [ app_init ] --END-- [ RunTime:0.000276s ]
ERR: 无法加载模块:Application

[ 2019-01-04T15:00:45+08:00 ] 127.0.0.1 /TYN/tyn/index.php/Application/Public/img/zuoye1.png
INFO: [ app_init ] --START--
INFO: Run Behavior\BuildLiteBehavior [ RunTime:0.000011s ]
INFO: [ app_init ] --END-- [ RunTime:0.000340s ]
ERR: 无法加载模块:Application

[ 2019-01-04T15:00:46+08:00 ] 127.0.0.1 /TYN/tyn/index.php/Application/Public/img/zuoye1.png
INFO: [ app_init ] --START--
INFO: Run Behavior\BuildLiteBehavior [ RunTime:0.000006s ]
INFO: [ app_init ] --END-- [ RunTime:0.000255s ]
ERR: 无法加载模块:Application

[ 2019-01-04T15:02:47+08:00 ] 127.0.0.1 /TYN/tyn/index.php/Application/Public/img/zuoye1.png
INFO: [ app_init ] --START--
INFO: Run Behavior\BuildLiteBehavior [ RunTime:0.000010s ]
INFO: [ app_init ] --END-- [ RunTime:0.000524s ]
ERR: 无法加载模块:Application

[ 2019-01-04T15:02:48+08:00 ] 127.0.0.1 /TYN/tyn/index.php/Application/Public/img/zuoye1.png
INFO: [ app_init ] --START--
INFO: Run Behavior\BuildLiteBehavior [ RunTime:0.000010s ]
INFO: [ app_init ] --END-- [ RunTime:0.000328s ]
ERR: 无法加载模块:Application

