[ 2019-01-24T09:13:30+08:00 ] 127.0.0.1 /TYN/tyn/index.php/Admin/Index/index.html
INFO: [ app_init ] --START--
INFO: Run Behavior\BuildLiteBehavior [ RunTime:0.000006s ]
INFO: [ app_init ] --END-- [ RunTime:0.000370s ]
INFO: [ app_begin ] --START--
INFO: Run Behavior\ReadHtmlCacheBehavior [ RunTime:0.000459s ]
INFO: [ app_begin ] --END-- [ RunTime:0.000480s ]
SQL: SHOW COLUMNS FROM `tyn_admins` [ RunTime:0.0786s ]
INFO: [ view_parse ] --START--
INFO: [ template_filter ] --START--
INFO: Run Behavior\ContentReplaceBehavior [ RunTime:0.000021s ]
INFO: [ template_filter ] --END-- [ RunTime:0.000043s ]
INFO: Run Behavior\ParseTemplateBehavior [ RunTime:0.012331s ]
INFO: [ view_parse ] --END-- [ RunTime:0.012353s ]
INFO: [ view_filter ] --START--
INFO: Run Behavior\WriteHtmlCacheBehavior [ RunTime:0.000308s ]
INFO: [ view_filter ] --END-- [ RunTime:0.000321s ]

[ 2019-01-24T09:13:34+08:00 ] 127.0.0.1 /TYN/tyn/index.php/Admin/Login/index.html
INFO: [ app_init ] --START--
INFO: Run Behavior\BuildLiteBehavior [ RunTime:0.000007s ]
INFO: [ app_init ] --END-- [ RunTime:0.000354s ]
INFO: [ app_begin ] --START--
INFO: Run Behavior\ReadHtmlCacheBehavior [ RunTime:0.000464s ]
INFO: [ app_begin ] --END-- [ RunTime:0.000483s ]
INFO: [ view_parse ] --START--
INFO: [ template_filter ] --START--
INFO: Run Behavior\ContentReplaceBehavior [ RunTime:0.000036s ]
INFO: [ template_filter ] --END-- [ RunTime:0.000073s ]
INFO: Run Behavior\ParseTemplateBehavior [ RunTime:0.008644s ]
INFO: [ view_parse ] --END-- [ RunTime:0.008753s ]
INFO: [ view_filter ] --START--
INFO: Run Behavior\WriteHtmlCacheBehavior [ RunTime:0.000581s ]
INFO: [ view_filter ] --END-- [ RunTime:0.000617s ]

[ 2019-01-24T09:13:43+08:00 ] 127.0.0.1 /TYN/tyn/index.php/Admin/Login/index.html
INFO: [ app_init ] --START--
INFO: Run Behavior\BuildLiteBehavior [ RunTime:0.000006s ]
INFO: [ app_init ] --END-- [ RunTime:0.000347s ]
INFO: [ app_begin ] --START--
INFO: Run Behavior\ReadHtmlCacheBehavior [ RunTime:0.000469s ]
INFO: [ app_begin ] --END-- [ RunTime:0.000486s ]
SQL: SHOW COLUMNS FROM `tyn_admins` [ RunTime:0.0035s ]
SQL: SELECT * FROM `tyn_admins` WHERE `a_account` = 'xiaokeai' AND `a_pwd` = '123456' LIMIT 1   [ RunTime:0.0004s ]

[ 2019-01-24T09:13:43+08:00 ] 127.0.0.1 /TYN/tyn/index.php/Admin/Index/index
INFO: [ app_init ] --START--
INFO: Run Behavior\BuildLiteBehavior [ RunTime:0.000013s ]
INFO: [ app_init ] --END-- [ RunTime:0.000359s ]
INFO: [ app_begin ] --START--
INFO: Run Behavior\ReadHtmlCacheBehavior [ RunTime:0.000480s ]
INFO: [ app_begin ] --END-- [ RunTime:0.000504s ]
SQL: SHOW COLUMNS FROM `tyn_admins` [ RunTime:0.0153s ]
INFO: [ view_parse ] --START--
INFO: [ template_filter ] --START--
INFO: Run Behavior\ContentReplaceBehavior [ RunTime:0.000050s ]
INFO: [ template_filter ] --END-- [ RunTime:0.000075s ]
NOTIC: [8] session_start(): A session had already been started - ignoring D:\xampp\htdocs\TYN\tyn\Application\Runtime\Cache\Admin\6fedbbe541e195344bf1450076482852.php 第 259 行.
INFO: Run Behavior\ParseTemplateBehavior [ RunTime:0.007928s ]
INFO: [ view_parse ] --END-- [ RunTime:0.007951s ]
INFO: [ view_filter ] --START--
INFO: Run Behavior\WriteHtmlCacheBehavior [ RunTime:0.000314s ]
INFO: [ view_filter ] --END-- [ RunTime:0.000329s ]
INFO: [ app_end ] --START--
INFO: Run Behavior\ShowPageTraceBehavior [ RunTime:0.000782s ]
INFO: [ app_end ] --END-- [ RunTime:0.000801s ]

[ 2019-01-24T09:13:48+08:00 ] 127.0.0.1 /TYN/tyn/index.php/Admin/User/userlist.html
INFO: [ app_init ] --START--
INFO: Run Behavior\BuildLiteBehavior [ RunTime:0.000007s ]
INFO: [ app_init ] --END-- [ RunTime:0.000398s ]
INFO: [ app_begin ] --START--
INFO: Run Behavior\ReadHtmlCacheBehavior [ RunTime:0.000530s ]
INFO: [ app_begin ] --END-- [ RunTime:0.000552s ]
SQL: SHOW COLUMNS FROM `tyn_users` [ RunTime:0.0303s ]
SQL: SELECT * FROM `tyn_users` WHERE ( u_state=1 )  [ RunTime:0.0003s ]
INFO: [ view_parse ] --START--
INFO: [ template_filter ] --START--
INFO: Run Behavior\ContentReplaceBehavior [ RunTime:0.000057s ]
INFO: [ template_filter ] --END-- [ RunTime:0.000075s ]
NOTIC: [8] session_start(): A session had already been started - ignoring D:\xampp\htdocs\TYN\tyn\Application\Runtime\Cache\Admin\797ec7644f87ff792d95ad95b4745322.php 第 235 行.
INFO: Run Behavior\ParseTemplateBehavior [ RunTime:0.006149s ]
INFO: [ view_parse ] --END-- [ RunTime:0.006168s ]
INFO: [ view_filter ] --START--
INFO: Run Behavior\WriteHtmlCacheBehavior [ RunTime:0.000287s ]
INFO: [ view_filter ] --END-- [ RunTime:0.000302s ]
INFO: [ app_end ] --START--
INFO: Run Behavior\ShowPageTraceBehavior [ RunTime:0.000497s ]
INFO: [ app_end ] --END-- [ RunTime:0.000525s ]

[ 2019-01-24T09:13:50+08:00 ] 127.0.0.1 /TYN/tyn/index.php/Admin/User/erruserlist.html
INFO: [ app_init ] --START--
INFO: Run Behavior\BuildLiteBehavior [ RunTime:0.000007s ]
INFO: [ app_init ] --END-- [ RunTime:0.000365s ]
INFO: [ app_begin ] --START--
INFO: Run Behavior\ReadHtmlCacheBehavior [ RunTime:0.000527s ]
INFO: [ app_begin ] --END-- [ RunTime:0.000552s ]
SQL: SHOW COLUMNS FROM `tyn_users` [ RunTime:0.0034s ]
SQL: SELECT * FROM `tyn_users` WHERE ( u_state=0 )  [ RunTime:0.0003s ]
INFO: [ view_parse ] --START--
INFO: [ template_filter ] --START--
INFO: Run Behavior\ContentReplaceBehavior [ RunTime:0.000095s ]
INFO: [ template_filter ] --END-- [ RunTime:0.000177s ]
NOTIC: [8] session_start(): A session had already been started - ignoring D:\xampp\htdocs\TYN\tyn\Application\Runtime\Cache\Admin\3f695ff2db4c6e1481d6849ca4dc4b1d.php 第 285 行.
NOTIC: [8] Undefined index: u_provite D:\xampp\htdocs\TYN\tyn\Application\Runtime\Cache\Admin\3f695ff2db4c6e1481d6849ca4dc4b1d.php 第 389 行.
INFO: Run Behavior\ParseTemplateBehavior [ RunTime:0.008659s ]
INFO: [ view_parse ] --END-- [ RunTime:0.008681s ]
INFO: [ view_filter ] --START--
INFO: Run Behavior\WriteHtmlCacheBehavior [ RunTime:0.000320s ]
INFO: [ view_filter ] --END-- [ RunTime:0.000337s ]
INFO: [ app_end ] --START--
INFO: Run Behavior\ShowPageTraceBehavior [ RunTime:0.000622s ]
INFO: [ app_end ] --END-- [ RunTime:0.000642s ]

[ 2019-01-24T09:19:14+08:00 ] 127.0.0.1 /TYN/tyn/index.php/Admin/User/erruserlist.html
INFO: [ app_init ] --START--
INFO: Run Behavior\BuildLiteBehavior [ RunTime:0.000007s ]
INFO: [ app_init ] --END-- [ RunTime:0.000505s ]
INFO: [ app_begin ] --START--
INFO: Run Behavior\ReadHtmlCacheBehavior [ RunTime:0.000940s ]
INFO: [ app_begin ] --END-- [ RunTime:0.000962s ]
SQL: SHOW COLUMNS FROM `tyn_users` [ RunTime:0.0034s ]
SQL: SELECT * FROM `tyn_users` WHERE ( u_state=0 )  [ RunTime:0.0003s ]
INFO: [ view_parse ] --START--
INFO: [ template_filter ] --START--
INFO: Run Behavior\ContentReplaceBehavior [ RunTime:0.000053s ]
INFO: [ template_filter ] --END-- [ RunTime:0.000070s ]
NOTIC: [8] session_start(): A session had already been started - ignoring D:\xampp\htdocs\TYN\tyn\Application\Runtime\Cache\Admin\3f695ff2db4c6e1481d6849ca4dc4b1d.php 第 285 行.
NOTIC: [8] Undefined index: u_provite D:\xampp\htdocs\TYN\tyn\Application\Runtime\Cache\Admin\3f695ff2db4c6e1481d6849ca4dc4b1d.php 第 389 行.
INFO: Run Behavior\ParseTemplateBehavior [ RunTime:0.008305s ]
INFO: [ view_parse ] --END-- [ RunTime:0.008324s ]
INFO: [ view_filter ] --START--
INFO: Run Behavior\WriteHtmlCacheBehavior [ RunTime:0.000658s ]
INFO: [ view_filter ] --END-- [ RunTime:0.000676s ]
INFO: [ app_end ] --START--
INFO: Run Behavior\ShowPageTraceBehavior [ RunTime:0.000901s ]
INFO: [ app_end ] --END-- [ RunTime:0.000926s ]

[ 2019-01-24T09:19:14+08:00 ] 127.0.0.1 /TYN/tyn/index.php/Admin/User/erruserlist.html
INFO: [ app_init ] --START--
INFO: Run Behavior\BuildLiteBehavior [ RunTime:0.000013s ]
INFO: [ app_init ] --END-- [ RunTime:0.000496s ]
INFO: [ app_begin ] --START--
INFO: Run Behavior\ReadHtmlCacheBehavior [ RunTime:0.000635s ]
INFO: [ app_begin ] --END-- [ RunTime:0.000666s ]
SQL: SHOW COLUMNS FROM `tyn_users` [ RunTime:0.0037s ]
SQL: SELECT * FROM `tyn_users` WHERE ( u_state=0 )  [ RunTime:0.0003s ]
INFO: [ view_parse ] --START--
INFO: [ template_filter ] --START--
INFO: Run Behavior\ContentReplaceBehavior [ RunTime:0.000053s ]
INFO: [ template_filter ] --END-- [ RunTime:0.000075s ]
NOTIC: [8] session_start(): A session had already been started - ignoring D:\xampp\htdocs\TYN\tyn\Application\Runtime\Cache\Admin\3f695ff2db4c6e1481d6849ca4dc4b1d.php 第 285 行.
NOTIC: [8] Undefined index: u_provite D:\xampp\htdocs\TYN\tyn\Application\Runtime\Cache\Admin\3f695ff2db4c6e1481d6849ca4dc4b1d.php 第 389 行.
INFO: Run Behavior\ParseTemplateBehavior [ RunTime:0.006694s ]
INFO: [ view_parse ] --END-- [ RunTime:0.006714s ]
INFO: [ view_filter ] --START--
INFO: Run Behavior\WriteHtmlCacheBehavior [ RunTime:0.000333s ]
INFO: [ view_filter ] --END-- [ RunTime:0.000348s ]
INFO: [ app_end ] --START--
INFO: Run Behavior\ShowPageTraceBehavior [ RunTime:0.001338s ]
INFO: [ app_end ] --END-- [ RunTime:0.001380s ]

[ 2019-01-24T09:19:15+08:00 ] 127.0.0.1 /TYN/tyn/index.php/Admin/User/erruserlist.html
INFO: [ app_init ] --START--
INFO: Run Behavior\BuildLiteBehavior [ RunTime:0.000011s ]
INFO: [ app_init ] --END-- [ RunTime:0.000544s ]
INFO: [ app_begin ] --START--
INFO: Run Behavior\ReadHtmlCacheBehavior [ RunTime:0.000922s ]
INFO: [ app_begin ] --END-- [ RunTime:0.000945s ]
SQL: SHOW COLUMNS FROM `tyn_users` [ RunTime:0.0056s ]
SQL: SELECT * FROM `tyn_users` WHERE ( u_state=0 )  [ RunTime:0.0003s ]
INFO: [ view_parse ] --START--
INFO: [ template_filter ] --START--
INFO: Run Behavior\ContentReplaceBehavior [ RunTime:0.000054s ]
INFO: [ template_filter ] --END-- [ RunTime:0.000080s ]
NOTIC: [8] session_start(): A session had already been started - ignoring D:\xampp\htdocs\TYN\tyn\Application\Runtime\Cache\Admin\3f695ff2db4c6e1481d6849ca4dc4b1d.php 第 285 行.
NOTIC: [8] Undefined index: u_provite D:\xampp\htdocs\TYN\tyn\Application\Runtime\Cache\Admin\3f695ff2db4c6e1481d6849ca4dc4b1d.php 第 389 行.
INFO: Run Behavior\ParseTemplateBehavior [ RunTime:0.010038s ]
INFO: [ view_parse ] --END-- [ RunTime:0.010063s ]
INFO: [ view_filter ] --START--
INFO: Run Behavior\WriteHtmlCacheBehavior [ RunTime:0.000721s ]
INFO: [ view_filter ] --END-- [ RunTime:0.000740s ]
INFO: [ app_end ] --START--
INFO: Run Behavior\ShowPageTraceBehavior [ RunTime:0.000837s ]
INFO: [ app_end ] --END-- [ RunTime:0.000856s ]

[ 2019-01-24T09:19:15+08:00 ] 127.0.0.1 /TYN/tyn/index.php/Admin/User/erruserlist.html
INFO: [ app_init ] --START--
INFO: Run Behavior\BuildLiteBehavior [ RunTime:0.000011s ]
INFO: [ app_init ] --END-- [ RunTime:0.000530s ]
INFO: [ app_begin ] --START--
INFO: Run Behavior\ReadHtmlCacheBehavior [ RunTime:0.000956s ]
INFO: [ app_begin ] --END-- [ RunTime:0.000984s ]
SQL: SHOW COLUMNS FROM `tyn_users` [ RunTime:0.0065s ]
SQL: SELECT * FROM `tyn_users` WHERE ( u_state=0 )  [ RunTime:0.0004s ]
INFO: [ view_parse ] --START--
INFO: [ template_filter ] --START--
INFO: Run Behavior\ContentReplaceBehavior [ RunTime:0.000054s ]
INFO: [ template_filter ] --END-- [ RunTime:0.000079s ]
NOTIC: [8] session_start(): A session had already been started - ignoring D:\xampp\htdocs\TYN\tyn\Application\Runtime\Cache\Admin\3f695ff2db4c6e1481d6849ca4dc4b1d.php 第 285 行.
NOTIC: [8] Undefined index: u_provite D:\xampp\htdocs\TYN\tyn\Application\Runtime\Cache\Admin\3f695ff2db4c6e1481d6849ca4dc4b1d.php 第 389 行.
INFO: Run Behavior\ParseTemplateBehavior [ RunTime:0.011796s ]
INFO: [ view_parse ] --END-- [ RunTime:0.011893s ]
INFO: [ view_filter ] --START--
INFO: Run Behavior\WriteHtmlCacheBehavior [ RunTime:0.001600s ]
INFO: [ view_filter ] --END-- [ RunTime:0.001676s ]
INFO: [ app_end ] --START--
INFO: Run Behavior\ShowPageTraceBehavior [ RunTime:0.001291s ]
INFO: [ app_end ] --END-- [ RunTime:0.001333s ]

[ 2019-01-24T09:20:14+08:00 ] 127.0.0.1 /TYN/tyn/index.php/Admin/User/erruserlist.html
INFO: [ app_init ] --START--
INFO: Run Behavior\BuildLiteBehavior [ RunTime:0.000009s ]
INFO: [ app_init ] --END-- [ RunTime:0.000604s ]
INFO: [ app_begin ] --START--
INFO: Run Behavior\ReadHtmlCacheBehavior [ RunTime:0.000860s ]
INFO: [ app_begin ] --END-- [ RunTime:0.000894s ]
SQL: SHOW COLUMNS FROM `tyn_users` [ RunTime:0.0036s ]
SQL: SELECT * FROM `tyn_users` WHERE ( u_state=0 )  [ RunTime:0.0003s ]
INFO: [ view_parse ] --START--
INFO: [ template_filter ] --START--
INFO: Run Behavior\ContentReplaceBehavior [ RunTime:0.000062s ]
INFO: [ template_filter ] --END-- [ RunTime:0.000090s ]
NOTIC: [8] session_start(): A session had already been started - ignoring D:\xampp\htdocs\TYN\tyn\Application\Runtime\Cache\Admin\3f695ff2db4c6e1481d6849ca4dc4b1d.php 第 235 行.
NOTIC: [8] Undefined index: u_provite D:\xampp\htdocs\TYN\tyn\Application\Runtime\Cache\Admin\3f695ff2db4c6e1481d6849ca4dc4b1d.php 第 339 行.
INFO: Run Behavior\ParseTemplateBehavior [ RunTime:0.008478s ]
INFO: [ view_parse ] --END-- [ RunTime:0.008501s ]
INFO: [ view_filter ] --START--
INFO: Run Behavior\WriteHtmlCacheBehavior [ RunTime:0.000387s ]
INFO: [ view_filter ] --END-- [ RunTime:0.000403s ]
INFO: [ app_end ] --START--
INFO: Run Behavior\ShowPageTraceBehavior [ RunTime:0.000645s ]
INFO: [ app_end ] --END-- [ RunTime:0.000667s ]

[ 2019-01-24T09:20:15+08:00 ] 127.0.0.1 /TYN/tyn/index.php/Admin/User/erruserlist.html
INFO: [ app_init ] --START--
INFO: Run Behavior\BuildLiteBehavior [ RunTime:0.000017s ]
INFO: [ app_init ] --END-- [ RunTime:0.001015s ]
INFO: [ app_begin ] --START--
INFO: Run Behavior\ReadHtmlCacheBehavior [ RunTime:0.000965s ]
INFO: [ app_begin ] --END-- [ RunTime:0.000987s ]
SQL: SHOW COLUMNS FROM `tyn_users` [ RunTime:0.0149s ]
SQL: SELECT * FROM `tyn_users` WHERE ( u_state=0 )  [ RunTime:0.0003s ]
INFO: [ view_parse ] --START--
INFO: [ template_filter ] --START--
INFO: Run Behavior\ContentReplaceBehavior [ RunTime:0.000052s ]
INFO: [ template_filter ] --END-- [ RunTime:0.000074s ]
NOTIC: [8] session_start(): A session had already been started - ignoring D:\xampp\htdocs\TYN\tyn\Application\Runtime\Cache\Admin\3f695ff2db4c6e1481d6849ca4dc4b1d.php 第 235 行.
NOTIC: [8] Undefined index: u_provite D:\xampp\htdocs\TYN\tyn\Application\Runtime\Cache\Admin\3f695ff2db4c6e1481d6849ca4dc4b1d.php 第 339 行.
INFO: Run Behavior\ParseTemplateBehavior [ RunTime:0.009643s ]
INFO: [ view_parse ] --END-- [ RunTime:0.009664s ]
INFO: [ view_filter ] --START--
INFO: Run Behavior\WriteHtmlCacheBehavior [ RunTime:0.000628s ]
INFO: [ view_filter ] --END-- [ RunTime:0.000645s ]
INFO: [ app_end ] --START--
INFO: Run Behavior\ShowPageTraceBehavior [ RunTime:0.000871s ]
INFO: [ app_end ] --END-- [ RunTime:0.000891s ]

[ 2019-01-24T09:20:15+08:00 ] 127.0.0.1 /TYN/tyn/index.php/Admin/User/erruserlist.html
INFO: [ app_init ] --START--
INFO: Run Behavior\BuildLiteBehavior [ RunTime:0.000006s ]
INFO: [ app_init ] --END-- [ RunTime:0.000381s ]
INFO: [ app_begin ] --START--
INFO: Run Behavior\ReadHtmlCacheBehavior [ RunTime:0.000873s ]
INFO: [ app_begin ] --END-- [ RunTime:0.000902s ]
SQL: SHOW COLUMNS FROM `tyn_users` [ RunTime:0.0041s ]
SQL: SELECT * FROM `tyn_users` WHERE ( u_state=0 )  [ RunTime:0.0004s ]
INFO: [ view_parse ] --START--
INFO: [ template_filter ] --START--
INFO: Run Behavior\ContentReplaceBehavior [ RunTime:0.000153s ]
INFO: [ template_filter ] --END-- [ RunTime:0.000192s ]
NOTIC: [8] session_start(): A session had already been started - ignoring D:\xampp\htdocs\TYN\tyn\Application\Runtime\Cache\Admin\3f695ff2db4c6e1481d6849ca4dc4b1d.php 第 235 行.
NOTIC: [8] Undefined index: u_provite D:\xampp\htdocs\TYN\tyn\Application\Runtime\Cache\Admin\3f695ff2db4c6e1481d6849ca4dc4b1d.php 第 339 行.
INFO: Run Behavior\ParseTemplateBehavior [ RunTime:0.017526s ]
INFO: [ view_parse ] --END-- [ RunTime:0.017553s ]
INFO: [ view_filter ] --START--
INFO: Run Behavior\WriteHtmlCacheBehavior [ RunTime:0.000386s ]
INFO: [ view_filter ] --END-- [ RunTime:0.000411s ]
INFO: [ app_end ] --START--
INFO: Run Behavior\ShowPageTraceBehavior [ RunTime:0.001547s ]
INFO: [ app_end ] --END-- [ RunTime:0.001573s ]

[ 2019-01-24T09:20:16+08:00 ] 127.0.0.1 /TYN/tyn/index.php/Admin/User/erruserlist.html
INFO: [ app_init ] --START--
INFO: Run Behavior\BuildLiteBehavior [ RunTime:0.000007s ]
INFO: [ app_init ] --END-- [ RunTime:0.000369s ]
INFO: [ app_begin ] --START--
INFO: Run Behavior\ReadHtmlCacheBehavior [ RunTime:0.000516s ]
INFO: [ app_begin ] --END-- [ RunTime:0.000537s ]
SQL: SHOW COLUMNS FROM `tyn_users` [ RunTime:0.0053s ]
SQL: SELECT * FROM `tyn_users` WHERE ( u_state=0 )  [ RunTime:0.0004s ]
INFO: [ view_parse ] --START--
INFO: [ template_filter ] --START--
INFO: Run Behavior\ContentReplaceBehavior [ RunTime:0.000111s ]
INFO: [ template_filter ] --END-- [ RunTime:0.000206s ]
NOTIC: [8] session_start(): A session had already been started - ignoring D:\xampp\htdocs\TYN\tyn\Application\Runtime\Cache\Admin\3f695ff2db4c6e1481d6849ca4dc4b1d.php 第 235 行.
NOTIC: [8] Undefined index: u_provite D:\xampp\htdocs\TYN\tyn\Application\Runtime\Cache\Admin\3f695ff2db4c6e1481d6849ca4dc4b1d.php 第 339 行.
INFO: Run Behavior\ParseTemplateBehavior [ RunTime:0.008080s ]
INFO: [ view_parse ] --END-- [ RunTime:0.008108s ]
INFO: [ view_filter ] --START--
INFO: Run Behavior\WriteHtmlCacheBehavior [ RunTime:0.000377s ]
INFO: [ view_filter ] --END-- [ RunTime:0.000395s ]
INFO: [ app_end ] --START--
INFO: Run Behavior\ShowPageTraceBehavior [ RunTime:0.000632s ]
INFO: [ app_end ] --END-- [ RunTime:0.000652s ]

[ 2019-01-24T09:20:16+08:00 ] 127.0.0.1 /TYN/tyn/index.php/Admin/User/erruserlist.html
INFO: [ app_init ] --START--
INFO: Run Behavior\BuildLiteBehavior [ RunTime:0.000008s ]
INFO: [ app_init ] --END-- [ RunTime:0.000367s ]
INFO: [ app_begin ] --START--
INFO: Run Behavior\ReadHtmlCacheBehavior [ RunTime:0.000528s ]
INFO: [ app_begin ] --END-- [ RunTime:0.000552s ]
SQL: SHOW COLUMNS FROM `tyn_users` [ RunTime:0.0044s ]
SQL: SELECT * FROM `tyn_users` WHERE ( u_state=0 )  [ RunTime:0.0010s ]
INFO: [ view_parse ] --START--
INFO: [ template_filter ] --START--
INFO: Run Behavior\ContentReplaceBehavior [ RunTime:0.000052s ]
INFO: [ template_filter ] --END-- [ RunTime:0.000075s ]
NOTIC: [8] session_start(): A session had already been started - ignoring D:\xampp\htdocs\TYN\tyn\Application\Runtime\Cache\Admin\3f695ff2db4c6e1481d6849ca4dc4b1d.php 第 235 行.
NOTIC: [8] Undefined index: u_provite D:\xampp\htdocs\TYN\tyn\Application\Runtime\Cache\Admin\3f695ff2db4c6e1481d6849ca4dc4b1d.php 第 339 行.
INFO: Run Behavior\ParseTemplateBehavior [ RunTime:0.008186s ]
INFO: [ view_parse ] --END-- [ RunTime:0.008211s ]
INFO: [ view_filter ] --START--
INFO: Run Behavior\WriteHtmlCacheBehavior [ RunTime:0.000352s ]
INFO: [ view_filter ] --END-- [ RunTime:0.000370s ]
INFO: [ app_end ] --START--
INFO: Run Behavior\ShowPageTraceBehavior [ RunTime:0.000593s ]
INFO: [ app_end ] --END-- [ RunTime:0.000612s ]

[ 2019-01-24T09:20:16+08:00 ] 127.0.0.1 /TYN/tyn/index.php/Admin/User/erruserlist.html
INFO: [ app_init ] --START--
INFO: Run Behavior\BuildLiteBehavior [ RunTime:0.000010s ]
INFO: [ app_init ] --END-- [ RunTime:0.000409s ]
INFO: [ app_begin ] --START--
INFO: Run Behavior\ReadHtmlCacheBehavior [ RunTime:0.000705s ]
INFO: [ app_begin ] --END-- [ RunTime:0.000740s ]
SQL: SHOW COLUMNS FROM `tyn_users` [ RunTime:0.0058s ]
SQL: SELECT * FROM `tyn_users` WHERE ( u_state=0 )  [ RunTime:0.0003s ]
INFO: [ view_parse ] --START--
INFO: [ template_filter ] --START--
INFO: Run Behavior\ContentReplaceBehavior [ RunTime:0.000051s ]
INFO: [ template_filter ] --END-- [ RunTime:0.000076s ]
NOTIC: [8] session_start(): A session had already been started - ignoring D:\xampp\htdocs\TYN\tyn\Application\Runtime\Cache\Admin\3f695ff2db4c6e1481d6849ca4dc4b1d.php 第 235 行.
NOTIC: [8] Undefined index: u_provite D:\xampp\htdocs\TYN\tyn\Application\Runtime\Cache\Admin\3f695ff2db4c6e1481d6849ca4dc4b1d.php 第 339 行.
INFO: Run Behavior\ParseTemplateBehavior [ RunTime:0.007015s ]
INFO: [ view_parse ] --END-- [ RunTime:0.007050s ]
INFO: [ view_filter ] --START--
INFO: Run Behavior\WriteHtmlCacheBehavior [ RunTime:0.000363s ]
INFO: [ view_filter ] --END-- [ RunTime:0.000382s ]
INFO: [ app_end ] --START--
INFO: Run Behavior\ShowPageTraceBehavior [ RunTime:0.000578s ]
INFO: [ app_end ] --END-- [ RunTime:0.000597s ]

[ 2019-01-24T09:20:50+08:00 ] 127.0.0.1 /TYN/tyn/index.php/Admin/User/erruserlist.html
INFO: [ app_init ] --START--
INFO: Run Behavior\BuildLiteBehavior [ RunTime:0.000010s ]
INFO: [ app_init ] --END-- [ RunTime:0.000598s ]
INFO: [ app_begin ] --START--
INFO: Run Behavior\ReadHtmlCacheBehavior [ RunTime:0.000955s ]
INFO: [ app_begin ] --END-- [ RunTime:0.000992s ]
SQL: SHOW COLUMNS FROM `tyn_users` [ RunTime:0.0035s ]
SQL: SELECT * FROM `tyn_users` WHERE ( u_state=0 )  [ RunTime:0.0003s ]
INFO: [ view_parse ] --START--
INFO: [ template_filter ] --START--
INFO: Run Behavior\ContentReplaceBehavior [ RunTime:0.000054s ]
INFO: [ template_filter ] --END-- [ RunTime:0.000074s ]
NOTIC: [8] session_start(): A session had already been started - ignoring D:\xampp\htdocs\TYN\tyn\Application\Runtime\Cache\Admin\3f695ff2db4c6e1481d6849ca4dc4b1d.php 第 235 行.
NOTIC: [8] Undefined index: u_provite D:\xampp\htdocs\TYN\tyn\Application\Runtime\Cache\Admin\3f695ff2db4c6e1481d6849ca4dc4b1d.php 第 339 行.
INFO: Run Behavior\ParseTemplateBehavior [ RunTime:0.006762s ]
INFO: [ view_parse ] --END-- [ RunTime:0.006798s ]
INFO: [ view_filter ] --START--
INFO: Run Behavior\WriteHtmlCacheBehavior [ RunTime:0.000570s ]
INFO: [ view_filter ] --END-- [ RunTime:0.000603s ]
INFO: [ app_end ] --START--
INFO: Run Behavior\ShowPageTraceBehavior [ RunTime:0.000819s ]
INFO: [ app_end ] --END-- [ RunTime:0.000865s ]

[ 2019-01-24T09:20:50+08:00 ] 127.0.0.1 /TYN/tyn/index.php/Admin/User/erruserlist.html
INFO: [ app_init ] --START--
INFO: Run Behavior\BuildLiteBehavior [ RunTime:0.000025s ]
INFO: [ app_init ] --END-- [ RunTime:0.000698s ]
INFO: [ app_begin ] --START--
INFO: Run Behavior\ReadHtmlCacheBehavior [ RunTime:0.000811s ]
INFO: [ app_begin ] --END-- [ RunTime:0.000844s ]
SQL: SHOW COLUMNS FROM `tyn_users` [ RunTime:0.0034s ]
SQL: SELECT * FROM `tyn_users` WHERE ( u_state=0 )  [ RunTime:0.0003s ]
INFO: [ view_parse ] --START--
INFO: [ template_filter ] --START--
INFO: Run Behavior\ContentReplaceBehavior [ RunTime:0.000047s ]
INFO: [ template_filter ] --END-- [ RunTime:0.000066s ]
NOTIC: [8] session_start(): A session had already been started - ignoring D:\xampp\htdocs\TYN\tyn\Application\Runtime\Cache\Admin\3f695ff2db4c6e1481d6849ca4dc4b1d.php 第 235 行.
NOTIC: [8] Undefined index: u_provite D:\xampp\htdocs\TYN\tyn\Application\Runtime\Cache\Admin\3f695ff2db4c6e1481d6849ca4dc4b1d.php 第 339 行.
INFO: Run Behavior\ParseTemplateBehavior [ RunTime:0.010352s ]
INFO: [ view_parse ] --END-- [ RunTime:0.010369s ]
INFO: [ view_filter ] --START--
INFO: Run Behavior\WriteHtmlCacheBehavior [ RunTime:0.000329s ]
INFO: [ view_filter ] --END-- [ RunTime:0.000346s ]
INFO: [ app_end ] --START--
INFO: Run Behavior\ShowPageTraceBehavior [ RunTime:0.000633s ]
INFO: [ app_end ] --END-- [ RunTime:0.000652s ]

[ 2019-01-24T09:20:51+08:00 ] 127.0.0.1 /TYN/tyn/index.php/Admin/User/erruserlist.html
INFO: [ app_init ] --START--
INFO: Run Behavior\BuildLiteBehavior [ RunTime:0.000008s ]
INFO: [ app_init ] --END-- [ RunTime:0.000389s ]
INFO: [ app_begin ] --START--
INFO: Run Behavior\ReadHtmlCacheBehavior [ RunTime:0.000543s ]
INFO: [ app_begin ] --END-- [ RunTime:0.000565s ]
SQL: SHOW COLUMNS FROM `tyn_users` [ RunTime:0.0048s ]
SQL: SELECT * FROM `tyn_users` WHERE ( u_state=0 )  [ RunTime:0.0025s ]
INFO: [ view_parse ] --START--
INFO: [ template_filter ] --START--
INFO: Run Behavior\ContentReplaceBehavior [ RunTime:0.000058s ]
INFO: [ template_filter ] --END-- [ RunTime:0.000095s ]
NOTIC: [8] session_start(): A session had already been started - ignoring D:\xampp\htdocs\TYN\tyn\Application\Runtime\Cache\Admin\3f695ff2db4c6e1481d6849ca4dc4b1d.php 第 235 行.
NOTIC: [8] Undefined index: u_provite D:\xampp\htdocs\TYN\tyn\Application\Runtime\Cache\Admin\3f695ff2db4c6e1481d6849ca4dc4b1d.php 第 339 行.
INFO: Run Behavior\ParseTemplateBehavior [ RunTime:0.007957s ]
INFO: [ view_parse ] --END-- [ RunTime:0.007985s ]
INFO: [ view_filter ] --START--
INFO: Run Behavior\WriteHtmlCacheBehavior [ RunTime:0.000371s ]
INFO: [ view_filter ] --END-- [ RunTime:0.000387s ]
INFO: [ app_end ] --START--
INFO: Run Behavior\ShowPageTraceBehavior [ RunTime:0.000718s ]
INFO: [ app_end ] --END-- [ RunTime:0.000738s ]

[ 2019-01-24T09:20:51+08:00 ] 127.0.0.1 /TYN/tyn/index.php/Admin/User/erruserlist.html
INFO: [ app_init ] --START--
INFO: Run Behavior\BuildLiteBehavior [ RunTime:0.000063s ]
INFO: [ app_init ] --END-- [ RunTime:0.001147s ]
INFO: [ app_begin ] --START--
INFO: Run Behavior\ReadHtmlCacheBehavior [ RunTime:0.001975s ]
INFO: [ app_begin ] --END-- [ RunTime:0.002091s ]
SQL: SHOW COLUMNS FROM `tyn_users` [ RunTime:0.0052s ]
SQL: SELECT * FROM `tyn_users` WHERE ( u_state=0 )  [ RunTime:0.0003s ]
INFO: [ view_parse ] --START--
INFO: [ template_filter ] --START--
INFO: Run Behavior\ContentReplaceBehavior [ RunTime:0.000088s ]
INFO: [ template_filter ] --END-- [ RunTime:0.000127s ]
NOTIC: [8] session_start(): A session had already been started - ignoring D:\xampp\htdocs\TYN\tyn\Application\Runtime\Cache\Admin\3f695ff2db4c6e1481d6849ca4dc4b1d.php 第 235 行.
NOTIC: [8] Undefined index: u_provite D:\xampp\htdocs\TYN\tyn\Application\Runtime\Cache\Admin\3f695ff2db4c6e1481d6849ca4dc4b1d.php 第 339 行.
INFO: Run Behavior\ParseTemplateBehavior [ RunTime:0.014970s ]
INFO: [ view_parse ] --END-- [ RunTime:0.014995s ]
INFO: [ view_filter ] --START--
INFO: Run Behavior\WriteHtmlCacheBehavior [ RunTime:0.000874s ]
INFO: [ view_filter ] --END-- [ RunTime:0.000898s ]
INFO: [ app_end ] --START--
INFO: Run Behavior\ShowPageTraceBehavior [ RunTime:0.001022s ]
INFO: [ app_end ] --END-- [ RunTime:0.001050s ]

[ 2019-01-24T09:27:43+08:00 ] 127.0.0.1 /TYN/tyn/index.php/Admin/User/erruserlist.html
INFO: [ app_init ] --START--
INFO: Run Behavior\BuildLiteBehavior [ RunTime:0.000006s ]
INFO: [ app_init ] --END-- [ RunTime:0.000458s ]
INFO: [ app_begin ] --START--
INFO: Run Behavior\ReadHtmlCacheBehavior [ RunTime:0.000815s ]
INFO: [ app_begin ] --END-- [ RunTime:0.000833s ]
SQL: SHOW COLUMNS FROM `tyn_users` [ RunTime:0.0037s ]
SQL: SELECT * FROM `tyn_users` WHERE ( u_state=0 )  [ RunTime:0.0003s ]
INFO: [ view_parse ] --START--
INFO: [ template_filter ] --START--
INFO: Run Behavior\ContentReplaceBehavior [ RunTime:0.000107s ]
INFO: [ template_filter ] --END-- [ RunTime:0.000127s ]
NOTIC: [8] session_start(): A session had already been started - ignoring D:\xampp\htdocs\TYN\tyn\Application\Runtime\Cache\Admin\3f695ff2db4c6e1481d6849ca4dc4b1d.php 第 235 行.
NOTIC: [8] Undefined index: u_provite D:\xampp\htdocs\TYN\tyn\Application\Runtime\Cache\Admin\3f695ff2db4c6e1481d6849ca4dc4b1d.php 第 339 行.
INFO: Run Behavior\ParseTemplateBehavior [ RunTime:0.009507s ]
INFO: [ view_parse ] --END-- [ RunTime:0.009531s ]
INFO: [ view_filter ] --START--
INFO: Run Behavior\WriteHtmlCacheBehavior [ RunTime:0.000944s ]
INFO: [ view_filter ] --END-- [ RunTime:0.000974s ]
INFO: [ app_end ] --START--
INFO: Run Behavior\ShowPageTraceBehavior [ RunTime:0.001026s ]
INFO: [ app_end ] --END-- [ RunTime:0.001049s ]

[ 2019-01-24T09:27:44+08:00 ] 127.0.0.1 /TYN/tyn/index.php/Admin/User/erruserlist.html
INFO: [ app_init ] --START--
INFO: Run Behavior\BuildLiteBehavior [ RunTime:0.000006s ]
INFO: [ app_init ] --END-- [ RunTime:0.000482s ]
INFO: [ app_begin ] --START--
INFO: Run Behavior\ReadHtmlCacheBehavior [ RunTime:0.000952s ]
INFO: [ app_begin ] --END-- [ RunTime:0.000989s ]
SQL: SHOW COLUMNS FROM `tyn_users` [ RunTime:0.0044s ]
SQL: SELECT * FROM `tyn_users` WHERE ( u_state=0 )  [ RunTime:0.0003s ]
INFO: [ view_parse ] --START--
INFO: [ template_filter ] --START--
INFO: Run Behavior\ContentReplaceBehavior [ RunTime:0.000057s ]
INFO: [ template_filter ] --END-- [ RunTime:0.000076s ]
NOTIC: [8] session_start(): A session had already been started - ignoring D:\xampp\htdocs\TYN\tyn\Application\Runtime\Cache\Admin\3f695ff2db4c6e1481d6849ca4dc4b1d.php 第 235 行.
NOTIC: [8] Undefined index: u_provite D:\xampp\htdocs\TYN\tyn\Application\Runtime\Cache\Admin\3f695ff2db4c6e1481d6849ca4dc4b1d.php 第 339 行.
INFO: Run Behavior\ParseTemplateBehavior [ RunTime:0.017996s ]
INFO: [ view_parse ] --END-- [ RunTime:0.018015s ]
INFO: [ view_filter ] --START--
INFO: Run Behavior\WriteHtmlCacheBehavior [ RunTime:0.000598s ]
INFO: [ view_filter ] --END-- [ RunTime:0.000614s ]
INFO: [ app_end ] --START--
INFO: Run Behavior\ShowPageTraceBehavior [ RunTime:0.000941s ]
INFO: [ app_end ] --END-- [ RunTime:0.000964s ]

[ 2019-01-24T09:27:44+08:00 ] 127.0.0.1 /TYN/tyn/index.php/Admin/User/erruserlist.html
INFO: [ app_init ] --START--
INFO: Run Behavior\BuildLiteBehavior [ RunTime:0.000008s ]
INFO: [ app_init ] --END-- [ RunTime:0.000525s ]
INFO: [ app_begin ] --START--
INFO: Run Behavior\ReadHtmlCacheBehavior [ RunTime:0.001171s ]
INFO: [ app_begin ] --END-- [ RunTime:0.001204s ]
SQL: SHOW COLUMNS FROM `tyn_users` [ RunTime:0.0060s ]
SQL: SELECT * FROM `tyn_users` WHERE ( u_state=0 )  [ RunTime:0.0007s ]
INFO: [ view_parse ] --START--
INFO: [ template_filter ] --START--
INFO: Run Behavior\ContentReplaceBehavior [ RunTime:0.000063s ]
INFO: [ template_filter ] --END-- [ RunTime:0.000087s ]
NOTIC: [8] session_start(): A session had already been started - ignoring D:\xampp\htdocs\TYN\tyn\Application\Runtime\Cache\Admin\3f695ff2db4c6e1481d6849ca4dc4b1d.php 第 235 行.
NOTIC: [8] Undefined index: u_provite D:\xampp\htdocs\TYN\tyn\Application\Runtime\Cache\Admin\3f695ff2db4c6e1481d6849ca4dc4b1d.php 第 339 行.
INFO: Run Behavior\ParseTemplateBehavior [ RunTime:0.008630s ]
INFO: [ view_parse ] --END-- [ RunTime:0.008654s ]
INFO: [ view_filter ] --START--
INFO: Run Behavior\WriteHtmlCacheBehavior [ RunTime:0.000642s ]
INFO: [ view_filter ] --END-- [ RunTime:0.000660s ]
INFO: [ app_end ] --START--
INFO: Run Behavior\ShowPageTraceBehavior [ RunTime:0.000896s ]
INFO: [ app_end ] --END-- [ RunTime:0.000917s ]

[ 2019-01-24T09:27:46+08:00 ] 127.0.0.1 /TYN/tyn/index.php/Admin/Notices/sendnotice?uid=1
INFO: [ app_init ] --START--
INFO: Run Behavior\BuildLiteBehavior [ RunTime:0.000007s ]
INFO: [ app_init ] --END-- [ RunTime:0.000526s ]
INFO: [ app_begin ] --START--
INFO: Run Behavior\ReadHtmlCacheBehavior [ RunTime:0.001270s ]
INFO: [ app_begin ] --END-- [ RunTime:0.001323s ]
INFO: [ view_parse ] --START--
INFO: [ template_filter ] --START--
INFO: Run Behavior\ContentReplaceBehavior [ RunTime:0.000046s ]
INFO: [ template_filter ] --END-- [ RunTime:0.000069s ]
NOTIC: [8] session_start(): A session had already been started - ignoring D:\xampp\htdocs\TYN\tyn\Application\Runtime\Cache\Admin\1ab55c05ccb37fd544e7707edd62f8d2.php 第 240 行.
INFO: Run Behavior\ParseTemplateBehavior [ RunTime:0.008409s ]
INFO: [ view_parse ] --END-- [ RunTime:0.008475s ]
INFO: [ view_filter ] --START--
INFO: Run Behavior\WriteHtmlCacheBehavior [ RunTime:0.000585s ]
INFO: [ view_filter ] --END-- [ RunTime:0.000600s ]
INFO: [ app_end ] --START--
INFO: Run Behavior\ShowPageTraceBehavior [ RunTime:0.001305s ]
INFO: [ app_end ] --END-- [ RunTime:0.001330s ]

[ 2019-01-24T09:27:55+08:00 ] 127.0.0.1 /TYN/tyn/index.php/Admin/User/jiedong?id=1
INFO: [ app_init ] --START--
INFO: Run Behavior\BuildLiteBehavior [ RunTime:0.000010s ]
INFO: [ app_init ] --END-- [ RunTime:0.001496s ]
INFO: [ app_begin ] --START--
INFO: Run Behavior\ReadHtmlCacheBehavior [ RunTime:0.000547s ]
INFO: [ app_begin ] --END-- [ RunTime:0.000567s ]
SQL: SHOW COLUMNS FROM `tyn_users` [ RunTime:0.0035s ]
SQL: UPDATE `tyn_users` SET `u_state`='0' WHERE ( id = 1 ) [ RunTime:0.1237s ]
INFO: [ view_parse ] --START--
INFO: [ template_filter ] --START--
INFO: Run Behavior\ContentReplaceBehavior [ RunTime:0.000060s ]
INFO: [ template_filter ] --END-- [ RunTime:0.000127s ]
INFO: Run Behavior\ParseTemplateBehavior [ RunTime:0.014983s ]
INFO: [ view_parse ] --END-- [ RunTime:0.015082s ]
INFO: [ view_filter ] --START--
INFO: Run Behavior\WriteHtmlCacheBehavior [ RunTime:0.001116s ]
INFO: [ view_filter ] --END-- [ RunTime:0.001169s ]

[ 2019-01-24T09:27:58+08:00 ] 127.0.0.1 /TYN/tyn/index.php/Admin/User/erruserlist.html
INFO: [ app_init ] --START--
INFO: Run Behavior\BuildLiteBehavior [ RunTime:0.000008s ]
INFO: [ app_init ] --END-- [ RunTime:0.000633s ]
INFO: [ app_begin ] --START--
INFO: Run Behavior\ReadHtmlCacheBehavior [ RunTime:0.001035s ]
INFO: [ app_begin ] --END-- [ RunTime:0.001087s ]
SQL: SHOW COLUMNS FROM `tyn_users` [ RunTime:0.0033s ]
SQL: SELECT * FROM `tyn_users` WHERE ( u_state=0 )  [ RunTime:0.0002s ]
INFO: [ view_parse ] --START--
INFO: [ template_filter ] --START--
INFO: Run Behavior\ContentReplaceBehavior [ RunTime:0.000062s ]
INFO: [ template_filter ] --END-- [ RunTime:0.000080s ]
NOTIC: [8] session_start(): A session had already been started - ignoring D:\xampp\htdocs\TYN\tyn\Application\Runtime\Cache\Admin\3f695ff2db4c6e1481d6849ca4dc4b1d.php 第 235 行.
NOTIC: [8] Undefined index: u_provite D:\xampp\htdocs\TYN\tyn\Application\Runtime\Cache\Admin\3f695ff2db4c6e1481d6849ca4dc4b1d.php 第 339 行.
INFO: Run Behavior\ParseTemplateBehavior [ RunTime:0.006560s ]
INFO: [ view_parse ] --END-- [ RunTime:0.006579s ]
INFO: [ view_filter ] --START--
INFO: Run Behavior\WriteHtmlCacheBehavior [ RunTime:0.000340s ]
INFO: [ view_filter ] --END-- [ RunTime:0.000355s ]
INFO: [ app_end ] --START--
INFO: Run Behavior\ShowPageTraceBehavior [ RunTime:0.001316s ]
INFO: [ app_end ] --END-- [ RunTime:0.001353s ]

[ 2019-01-24T09:28:11+08:00 ] 127.0.0.1 /TYN/tyn/index.php/Admin/User/erruserlist.html
INFO: [ app_init ] --START--
INFO: Run Behavior\BuildLiteBehavior [ RunTime:0.000013s ]
INFO: [ app_init ] --END-- [ RunTime:0.000710s ]
INFO: [ app_begin ] --START--
INFO: Run Behavior\ReadHtmlCacheBehavior [ RunTime:0.000673s ]
INFO: [ app_begin ] --END-- [ RunTime:0.000701s ]
SQL: SHOW COLUMNS FROM `tyn_users` [ RunTime:0.0046s ]
SQL: SELECT * FROM `tyn_users` WHERE ( u_state=0 )  [ RunTime:0.0003s ]
INFO: [ view_parse ] --START--
INFO: [ template_filter ] --START--
INFO: Run Behavior\ContentReplaceBehavior [ RunTime:0.000065s ]
INFO: [ template_filter ] --END-- [ RunTime:0.000086s ]
NOTIC: [8] session_start(): A session had already been started - ignoring D:\xampp\htdocs\TYN\tyn\Application\Runtime\Cache\Admin\3f695ff2db4c6e1481d6849ca4dc4b1d.php 第 235 行.
NOTIC: [8] Undefined index: u_provite D:\xampp\htdocs\TYN\tyn\Application\Runtime\Cache\Admin\3f695ff2db4c6e1481d6849ca4dc4b1d.php 第 339 行.
INFO: Run Behavior\ParseTemplateBehavior [ RunTime:0.006904s ]
INFO: [ view_parse ] --END-- [ RunTime:0.006925s ]
INFO: [ view_filter ] --START--
INFO: Run Behavior\WriteHtmlCacheBehavior [ RunTime:0.000361s ]
INFO: [ view_filter ] --END-- [ RunTime:0.000377s ]
INFO: [ app_end ] --START--
INFO: Run Behavior\ShowPageTraceBehavior [ RunTime:0.000598s ]
INFO: [ app_end ] --END-- [ RunTime:0.000619s ]

[ 2019-01-24T09:28:12+08:00 ] 127.0.0.1 /TYN/tyn/index.php/Admin/User/erruserlist.html
INFO: [ app_init ] --START--
INFO: Run Behavior\BuildLiteBehavior [ RunTime:0.000007s ]
INFO: [ app_init ] --END-- [ RunTime:0.000531s ]
INFO: [ app_begin ] --START--
INFO: Run Behavior\ReadHtmlCacheBehavior [ RunTime:0.000961s ]
INFO: [ app_begin ] --END-- [ RunTime:0.000987s ]
SQL: SHOW COLUMNS FROM `tyn_users` [ RunTime:0.0035s ]
SQL: SELECT * FROM `tyn_users` WHERE ( u_state=0 )  [ RunTime:0.0003s ]
INFO: [ view_parse ] --START--
INFO: [ template_filter ] --START--
INFO: Run Behavior\ContentReplaceBehavior [ RunTime:0.000062s ]
INFO: [ template_filter ] --END-- [ RunTime:0.000090s ]
NOTIC: [8] session_start(): A session had already been started - ignoring D:\xampp\htdocs\TYN\tyn\Application\Runtime\Cache\Admin\3f695ff2db4c6e1481d6849ca4dc4b1d.php 第 235 行.
NOTIC: [8] Undefined index: u_provite D:\xampp\htdocs\TYN\tyn\Application\Runtime\Cache\Admin\3f695ff2db4c6e1481d6849ca4dc4b1d.php 第 339 行.
INFO: Run Behavior\ParseTemplateBehavior [ RunTime:0.012198s ]
INFO: [ view_parse ] --END-- [ RunTime:0.012228s ]
INFO: [ view_filter ] --START--
INFO: Run Behavior\WriteHtmlCacheBehavior [ RunTime:0.000734s ]
INFO: [ view_filter ] --END-- [ RunTime:0.000753s ]
INFO: [ app_end ] --START--
INFO: Run Behavior\ShowPageTraceBehavior [ RunTime:0.000892s ]
INFO: [ app_end ] --END-- [ RunTime:0.000912s ]

[ 2019-01-24T09:28:12+08:00 ] 127.0.0.1 /TYN/tyn/index.php/Admin/User/erruserlist.html
INFO: [ app_init ] --START--
INFO: Run Behavior\BuildLiteBehavior [ RunTime:0.000010s ]
INFO: [ app_init ] --END-- [ RunTime:0.000399s ]
INFO: [ app_begin ] --START--
INFO: Run Behavior\ReadHtmlCacheBehavior [ RunTime:0.000537s ]
INFO: [ app_begin ] --END-- [ RunTime:0.000559s ]
SQL: SHOW COLUMNS FROM `tyn_users` [ RunTime:0.0046s ]
SQL: SELECT * FROM `tyn_users` WHERE ( u_state=0 )  [ RunTime:0.0005s ]
INFO: [ view_parse ] --START--
INFO: [ template_filter ] --START--
INFO: Run Behavior\ContentReplaceBehavior [ RunTime:0.000067s ]
INFO: [ template_filter ] --END-- [ RunTime:0.000099s ]
NOTIC: [8] session_start(): A session had already been started - ignoring D:\xampp\htdocs\TYN\tyn\Application\Runtime\Cache\Admin\3f695ff2db4c6e1481d6849ca4dc4b1d.php 第 235 行.
NOTIC: [8] Undefined index: u_provite D:\xampp\htdocs\TYN\tyn\Application\Runtime\Cache\Admin\3f695ff2db4c6e1481d6849ca4dc4b1d.php 第 339 行.
INFO: Run Behavior\ParseTemplateBehavior [ RunTime:0.009486s ]
INFO: [ view_parse ] --END-- [ RunTime:0.009535s ]
INFO: [ view_filter ] --START--
INFO: Run Behavior\WriteHtmlCacheBehavior [ RunTime:0.000533s ]
INFO: [ view_filter ] --END-- [ RunTime:0.000556s ]
INFO: [ app_end ] --START--
INFO: Run Behavior\ShowPageTraceBehavior [ RunTime:0.001610s ]
INFO: [ app_end ] --END-- [ RunTime:0.001641s ]

[ 2019-01-24T09:28:12+08:00 ] 127.0.0.1 /TYN/tyn/index.php/Admin/User/erruserlist.html
INFO: [ app_init ] --START--
INFO: Run Behavior\BuildLiteBehavior [ RunTime:0.000008s ]
INFO: [ app_init ] --END-- [ RunTime:0.000396s ]
INFO: [ app_begin ] --START--
INFO: Run Behavior\ReadHtmlCacheBehavior [ RunTime:0.000630s ]
INFO: [ app_begin ] --END-- [ RunTime:0.000657s ]
SQL: SHOW COLUMNS FROM `tyn_users` [ RunTime:0.0054s ]
SQL: SELECT * FROM `tyn_users` WHERE ( u_state=0 )  [ RunTime:0.0003s ]
INFO: [ view_parse ] --START--
INFO: [ template_filter ] --START--
INFO: Run Behavior\ContentReplaceBehavior [ RunTime:0.000061s ]
INFO: [ template_filter ] --END-- [ RunTime:0.000089s ]
NOTIC: [8] session_start(): A session had already been started - ignoring D:\xampp\htdocs\TYN\tyn\Application\Runtime\Cache\Admin\3f695ff2db4c6e1481d6849ca4dc4b1d.php 第 235 行.
NOTIC: [8] Undefined index: u_provite D:\xampp\htdocs\TYN\tyn\Application\Runtime\Cache\Admin\3f695ff2db4c6e1481d6849ca4dc4b1d.php 第 339 行.
INFO: Run Behavior\ParseTemplateBehavior [ RunTime:0.007498s ]
INFO: [ view_parse ] --END-- [ RunTime:0.007609s ]
INFO: [ view_filter ] --START--
INFO: Run Behavior\WriteHtmlCacheBehavior [ RunTime:0.000815s ]
INFO: [ view_filter ] --END-- [ RunTime:0.000841s ]
INFO: [ app_end ] --START--
INFO: Run Behavior\ShowPageTraceBehavior [ RunTime:0.000589s ]
INFO: [ app_end ] --END-- [ RunTime:0.000609s ]

[ 2019-01-24T09:28:14+08:00 ] 127.0.0.1 /TYN/tyn/index.php/Admin/User/jiedong?id=1
INFO: [ app_init ] --START--
INFO: Run Behavior\BuildLiteBehavior [ RunTime:0.000010s ]
INFO: [ app_init ] --END-- [ RunTime:0.001370s ]
INFO: [ app_begin ] --START--
INFO: Run Behavior\ReadHtmlCacheBehavior [ RunTime:0.000536s ]
INFO: [ app_begin ] --END-- [ RunTime:0.000559s ]
SQL: SHOW COLUMNS FROM `tyn_users` [ RunTime:0.0048s ]
SQL: UPDATE `tyn_users` SET `u_state`='1' WHERE ( id = 1 ) [ RunTime:0.0541s ]
INFO: [ view_parse ] --START--
INFO: [ template_filter ] --START--
INFO: Run Behavior\ContentReplaceBehavior [ RunTime:0.000051s ]
INFO: [ template_filter ] --END-- [ RunTime:0.000106s ]
INFO: Run Behavior\ParseTemplateBehavior [ RunTime:0.013136s ]
INFO: [ view_parse ] --END-- [ RunTime:0.013202s ]
INFO: [ view_filter ] --START--
INFO: Run Behavior\WriteHtmlCacheBehavior [ RunTime:0.001088s ]
INFO: [ view_filter ] --END-- [ RunTime:0.001137s ]
INFO: [ app_end ] --START--
INFO: Run Behavior\ShowPageTraceBehavior [ RunTime:0.001657s ]
INFO: [ app_end ] --END-- [ RunTime:0.001706s ]

[ 2019-01-24T09:28:15+08:00 ] 127.0.0.1 /TYN/tyn/index.php/Admin/User/erruserlist.html
INFO: [ app_init ] --START--
INFO: Run Behavior\BuildLiteBehavior [ RunTime:0.000007s ]
INFO: [ app_init ] --END-- [ RunTime:0.000428s ]
INFO: [ app_begin ] --START--
INFO: Run Behavior\ReadHtmlCacheBehavior [ RunTime:0.000583s ]
INFO: [ app_begin ] --END-- [ RunTime:0.000606s ]
SQL: SHOW COLUMNS FROM `tyn_users` [ RunTime:0.0040s ]
SQL: SELECT * FROM `tyn_users` WHERE ( u_state=0 )  [ RunTime:0.0003s ]
INFO: [ view_parse ] --START--
INFO: [ template_filter ] --START--
INFO: Run Behavior\ContentReplaceBehavior [ RunTime:0.000071s ]
INFO: [ template_filter ] --END-- [ RunTime:0.000092s ]
NOTIC: [8] session_start(): A session had already been started - ignoring D:\xampp\htdocs\TYN\tyn\Application\Runtime\Cache\Admin\3f695ff2db4c6e1481d6849ca4dc4b1d.php 第 235 行.
INFO: Run Behavior\ParseTemplateBehavior [ RunTime:0.007457s ]
INFO: [ view_parse ] --END-- [ RunTime:0.007480s ]
INFO: [ view_filter ] --START--
INFO: Run Behavior\WriteHtmlCacheBehavior [ RunTime:0.000392s ]
INFO: [ view_filter ] --END-- [ RunTime:0.000411s ]
INFO: [ app_end ] --START--
INFO: Run Behavior\ShowPageTraceBehavior [ RunTime:0.000709s ]
INFO: [ app_end ] --END-- [ RunTime:0.000733s ]

[ 2019-01-24T09:28:19+08:00 ] 127.0.0.1 /TYN/tyn/index.php/Admin/User/userlist.html
INFO: [ app_init ] --START--
INFO: Run Behavior\BuildLiteBehavior [ RunTime:0.000014s ]
INFO: [ app_init ] --END-- [ RunTime:0.001819s ]
INFO: [ app_begin ] --START--
INFO: Run Behavior\ReadHtmlCacheBehavior [ RunTime:0.000528s ]
INFO: [ app_begin ] --END-- [ RunTime:0.000550s ]
SQL: SHOW COLUMNS FROM `tyn_users` [ RunTime:0.0034s ]
SQL: SELECT * FROM `tyn_users` WHERE ( u_state=1 )  [ RunTime:0.0002s ]
INFO: [ view_parse ] --START--
INFO: [ template_filter ] --START--
INFO: Run Behavior\ContentReplaceBehavior [ RunTime:0.000144s ]
INFO: [ template_filter ] --END-- [ RunTime:0.000205s ]
NOTIC: [8] session_start(): A session had already been started - ignoring D:\xampp\htdocs\TYN\tyn\Application\Runtime\Cache\Admin\797ec7644f87ff792d95ad95b4745322.php 第 235 行.
NOTIC: [8] Undefined index: u_provite D:\xampp\htdocs\TYN\tyn\Application\Runtime\Cache\Admin\797ec7644f87ff792d95ad95b4745322.php 第 344 行.
INFO: Run Behavior\ParseTemplateBehavior [ RunTime:0.007798s ]
INFO: [ view_parse ] --END-- [ RunTime:0.007817s ]
INFO: [ view_filter ] --START--
INFO: Run Behavior\WriteHtmlCacheBehavior [ RunTime:0.000307s ]
INFO: [ view_filter ] --END-- [ RunTime:0.000321s ]
INFO: [ app_end ] --START--
INFO: Run Behavior\ShowPageTraceBehavior [ RunTime:0.000860s ]
INFO: [ app_end ] --END-- [ RunTime:0.000880s ]

[ 2019-01-24T09:28:23+08:00 ] 127.0.0.1 /TYN/tyn/index.php/Admin/User/dongjie?id=1
INFO: [ app_init ] --START--
INFO: Run Behavior\BuildLiteBehavior [ RunTime:0.000006s ]
INFO: [ app_init ] --END-- [ RunTime:0.000371s ]
INFO: [ app_begin ] --START--
INFO: Run Behavior\ReadHtmlCacheBehavior [ RunTime:0.000455s ]
INFO: [ app_begin ] --END-- [ RunTime:0.000474s ]
SQL: SHOW COLUMNS FROM `tyn_users` [ RunTime:0.0040s ]
SQL: UPDATE `tyn_users` SET `u_state`='0' WHERE ( id = 1 ) [ RunTime:0.0707s ]
INFO: [ view_parse ] --START--
INFO: [ template_filter ] --START--
INFO: Run Behavior\ContentReplaceBehavior [ RunTime:0.000127s ]
INFO: [ template_filter ] --END-- [ RunTime:0.000254s ]
INFO: Run Behavior\ParseTemplateBehavior [ RunTime:0.006567s ]
INFO: [ view_parse ] --END-- [ RunTime:0.006597s ]
INFO: [ view_filter ] --START--
INFO: Run Behavior\WriteHtmlCacheBehavior [ RunTime:0.000408s ]
INFO: [ view_filter ] --END-- [ RunTime:0.000431s ]
INFO: [ app_end ] --START--
INFO: Run Behavior\ShowPageTraceBehavior [ RunTime:0.000579s ]
INFO: [ app_end ] --END-- [ RunTime:0.000598s ]

[ 2019-01-24T09:28:24+08:00 ] 127.0.0.1 /TYN/tyn/index.php/Admin/User/userlist.html
INFO: [ app_init ] --START--
INFO: Run Behavior\BuildLiteBehavior [ RunTime:0.000058s ]
INFO: [ app_init ] --END-- [ RunTime:0.002105s ]
INFO: [ app_begin ] --START--
INFO: Run Behavior\ReadHtmlCacheBehavior [ RunTime:0.000902s ]
INFO: [ app_begin ] --END-- [ RunTime:0.000939s ]
SQL: SHOW COLUMNS FROM `tyn_users` [ RunTime:0.0231s ]
SQL: SELECT * FROM `tyn_users` WHERE ( u_state=1 )  [ RunTime:0.0004s ]
INFO: [ view_parse ] --START--
INFO: [ template_filter ] --START--
INFO: Run Behavior\ContentReplaceBehavior [ RunTime:0.000108s ]
INFO: [ template_filter ] --END-- [ RunTime:0.000148s ]
NOTIC: [8] session_start(): A session had already been started - ignoring D:\xampp\htdocs\TYN\tyn\Application\Runtime\Cache\Admin\797ec7644f87ff792d95ad95b4745322.php 第 235 行.
INFO: Run Behavior\ParseTemplateBehavior [ RunTime:0.011578s ]
INFO: [ view_parse ] --END-- [ RunTime:0.011610s ]
INFO: [ view_filter ] --START--
INFO: Run Behavior\WriteHtmlCacheBehavior [ RunTime:0.000594s ]
INFO: [ view_filter ] --END-- [ RunTime:0.000621s ]
INFO: [ app_end ] --START--
INFO: Run Behavior\ShowPageTraceBehavior [ RunTime:0.000983s ]
INFO: [ app_end ] --END-- [ RunTime:0.001016s ]

[ 2019-01-24T09:28:32+08:00 ] 127.0.0.1 /TYN/tyn/index.php/Admin/User/userlist.html
INFO: [ app_init ] --START--
INFO: Run Behavior\BuildLiteBehavior [ RunTime:0.000010s ]
INFO: [ app_init ] --END-- [ RunTime:0.000700s ]
INFO: [ app_begin ] --START--
INFO: Run Behavior\ReadHtmlCacheBehavior [ RunTime:0.001384s ]
INFO: [ app_begin ] --END-- [ RunTime:0.001425s ]
SQL: SHOW COLUMNS FROM `tyn_users` [ RunTime:0.0457s ]
SQL: SELECT * FROM `tyn_users` WHERE ( u_state=1 )  [ RunTime:0.0006s ]
INFO: [ view_parse ] --START--
INFO: [ template_filter ] --START--
INFO: Run Behavior\ContentReplaceBehavior [ RunTime:0.000149s ]
INFO: [ template_filter ] --END-- [ RunTime:0.000197s ]
NOTIC: [8] session_start(): A session had already been started - ignoring D:\xampp\htdocs\TYN\tyn\Application\Runtime\Cache\Admin\797ec7644f87ff792d95ad95b4745322.php 第 235 行.
INFO: Run Behavior\ParseTemplateBehavior [ RunTime:0.015864s ]
INFO: [ view_parse ] --END-- [ RunTime:0.015910s ]
INFO: [ view_filter ] --START--
INFO: Run Behavior\WriteHtmlCacheBehavior [ RunTime:0.000836s ]
INFO: [ view_filter ] --END-- [ RunTime:0.000876s ]
INFO: [ app_end ] --START--
INFO: Run Behavior\ShowPageTraceBehavior [ RunTime:0.001381s ]
INFO: [ app_end ] --END-- [ RunTime:0.001428s ]

[ 2019-01-24T09:28:32+08:00 ] 127.0.0.1 /TYN/tyn/index.php/Admin/User/userlist.html
INFO: [ app_init ] --START--
INFO: Run Behavior\BuildLiteBehavior [ RunTime:0.000007s ]
INFO: [ app_init ] --END-- [ RunTime:0.000375s ]
INFO: [ app_begin ] --START--
INFO: Run Behavior\ReadHtmlCacheBehavior [ RunTime:0.000569s ]
INFO: [ app_begin ] --END-- [ RunTime:0.000593s ]
SQL: SHOW COLUMNS FROM `tyn_users` [ RunTime:0.0045s ]
SQL: SELECT * FROM `tyn_users` WHERE ( u_state=1 )  [ RunTime:0.0015s ]
INFO: [ view_parse ] --START--
INFO: [ template_filter ] --START--
INFO: Run Behavior\ContentReplaceBehavior [ RunTime:0.000076s ]
INFO: [ template_filter ] --END-- [ RunTime:0.000108s ]
NOTIC: [8] session_start(): A session had already been started - ignoring D:\xampp\htdocs\TYN\tyn\Application\Runtime\Cache\Admin\797ec7644f87ff792d95ad95b4745322.php 第 235 行.
INFO: Run Behavior\ParseTemplateBehavior [ RunTime:0.008567s ]
INFO: [ view_parse ] --END-- [ RunTime:0.008594s ]
INFO: [ view_filter ] --START--
INFO: Run Behavior\WriteHtmlCacheBehavior [ RunTime:0.000365s ]
INFO: [ view_filter ] --END-- [ RunTime:0.000387s ]
INFO: [ app_end ] --START--
INFO: Run Behavior\ShowPageTraceBehavior [ RunTime:0.000575s ]
INFO: [ app_end ] --END-- [ RunTime:0.000596s ]

[ 2019-01-24T09:28:33+08:00 ] 127.0.0.1 /TYN/tyn/index.php/Admin/User/userlist.html
INFO: [ app_init ] --START--
INFO: Run Behavior\BuildLiteBehavior [ RunTime:0.000008s ]
INFO: [ app_init ] --END-- [ RunTime:0.000391s ]
INFO: [ app_begin ] --START--
INFO: Run Behavior\ReadHtmlCacheBehavior [ RunTime:0.000500s ]
INFO: [ app_begin ] --END-- [ RunTime:0.000520s ]
SQL: SHOW COLUMNS FROM `tyn_users` [ RunTime:0.0123s ]
SQL: SELECT * FROM `tyn_users` WHERE ( u_state=1 )  [ RunTime:0.0036s ]
INFO: [ view_parse ] --START--
INFO: [ template_filter ] --START--
INFO: Run Behavior\ContentReplaceBehavior [ RunTime:0.000118s ]
INFO: [ template_filter ] --END-- [ RunTime:0.000171s ]
NOTIC: [8] session_start(): A session had already been started - ignoring D:\xampp\htdocs\TYN\tyn\Application\Runtime\Cache\Admin\797ec7644f87ff792d95ad95b4745322.php 第 235 行.
INFO: Run Behavior\ParseTemplateBehavior [ RunTime:0.008102s ]
INFO: [ view_parse ] --END-- [ RunTime:0.008201s ]
INFO: [ view_filter ] --START--
INFO: Run Behavior\WriteHtmlCacheBehavior [ RunTime:0.000531s ]
INFO: [ view_filter ] --END-- [ RunTime:0.000556s ]
INFO: [ app_end ] --START--
INFO: Run Behavior\ShowPageTraceBehavior [ RunTime:0.000600s ]
INFO: [ app_end ] --END-- [ RunTime:0.000621s ]

[ 2019-01-24T09:28:33+08:00 ] 127.0.0.1 /TYN/tyn/index.php/Admin/User/userlist.html
INFO: [ app_init ] --START--
INFO: Run Behavior\BuildLiteBehavior [ RunTime:0.000009s ]
INFO: [ app_init ] --END-- [ RunTime:0.000503s ]
INFO: [ app_begin ] --START--
INFO: Run Behavior\ReadHtmlCacheBehavior [ RunTime:0.000524s ]
INFO: [ app_begin ] --END-- [ RunTime:0.000546s ]
SQL: SHOW COLUMNS FROM `tyn_users` [ RunTime:0.0187s ]
SQL: SELECT * FROM `tyn_users` WHERE ( u_state=1 )  [ RunTime:0.0017s ]
INFO: [ view_parse ] --START--
INFO: [ template_filter ] --START--
INFO: Run Behavior\ContentReplaceBehavior [ RunTime:0.000063s ]
INFO: [ template_filter ] --END-- [ RunTime:0.000090s ]
NOTIC: [8] session_start(): A session had already been started - ignoring D:\xampp\htdocs\TYN\tyn\Application\Runtime\Cache\Admin\797ec7644f87ff792d95ad95b4745322.php 第 235 行.
INFO: Run Behavior\ParseTemplateBehavior [ RunTime:0.008271s ]
INFO: [ view_parse ] --END-- [ RunTime:0.008297s ]
INFO: [ view_filter ] --START--
INFO: Run Behavior\WriteHtmlCacheBehavior [ RunTime:0.000350s ]
INFO: [ view_filter ] --END-- [ RunTime:0.000368s ]
INFO: [ app_end ] --START--
INFO: Run Behavior\ShowPageTraceBehavior [ RunTime:0.000685s ]
INFO: [ app_end ] --END-- [ RunTime:0.000716s ]

[ 2019-01-24T09:28:34+08:00 ] 127.0.0.1 /TYN/tyn/index.php/Admin/User/erruserlist.html
INFO: [ app_init ] --START--
INFO: Run Behavior\BuildLiteBehavior [ RunTime:0.000007s ]
INFO: [ app_init ] --END-- [ RunTime:0.000384s ]
INFO: [ app_begin ] --START--
INFO: Run Behavior\ReadHtmlCacheBehavior [ RunTime:0.000508s ]
INFO: [ app_begin ] --END-- [ RunTime:0.000527s ]
SQL: SHOW COLUMNS FROM `tyn_users` [ RunTime:0.0147s ]
SQL: SELECT * FROM `tyn_users` WHERE ( u_state=0 )  [ RunTime:0.0009s ]
INFO: [ view_parse ] --START--
INFO: [ template_filter ] --START--
INFO: Run Behavior\ContentReplaceBehavior [ RunTime:0.000247s ]
INFO: [ template_filter ] --END-- [ RunTime:0.000329s ]
NOTIC: [8] session_start(): A session had already been started - ignoring D:\xampp\htdocs\TYN\tyn\Application\Runtime\Cache\Admin\3f695ff2db4c6e1481d6849ca4dc4b1d.php 第 235 行.
NOTIC: [8] Undefined index: u_provite D:\xampp\htdocs\TYN\tyn\Application\Runtime\Cache\Admin\3f695ff2db4c6e1481d6849ca4dc4b1d.php 第 339 行.
INFO: Run Behavior\ParseTemplateBehavior [ RunTime:0.026393s ]
INFO: [ view_parse ] --END-- [ RunTime:0.026465s ]
INFO: [ view_filter ] --START--
INFO: Run Behavior\WriteHtmlCacheBehavior [ RunTime:0.001400s ]
INFO: [ view_filter ] --END-- [ RunTime:0.001462s ]
INFO: [ app_end ] --START--
INFO: Run Behavior\ShowPageTraceBehavior [ RunTime:0.002178s ]
INFO: [ app_end ] --END-- [ RunTime:0.002251s ]

[ 2019-01-24T09:28:44+08:00 ] 127.0.0.1 /TYN/tyn/index.php/Admin/User/erruserlist.html
INFO: [ app_init ] --START--
INFO: Run Behavior\BuildLiteBehavior [ RunTime:0.000006s ]
INFO: [ app_init ] --END-- [ RunTime:0.000345s ]
INFO: [ app_begin ] --START--
INFO: Run Behavior\ReadHtmlCacheBehavior [ RunTime:0.000468s ]
INFO: [ app_begin ] --END-- [ RunTime:0.000486s ]
SQL: SHOW COLUMNS FROM `tyn_users` [ RunTime:0.0049s ]
SQL: SELECT * FROM `tyn_users` WHERE ( u_state=0 )  [ RunTime:0.0003s ]
INFO: [ view_parse ] --START--
INFO: [ template_filter ] --START--
INFO: Run Behavior\ContentReplaceBehavior [ RunTime:0.000059s ]
INFO: [ template_filter ] --END-- [ RunTime:0.000078s ]
NOTIC: [8] session_start(): A session had already been started - ignoring D:\xampp\htdocs\TYN\tyn\Application\Runtime\Cache\Admin\3f695ff2db4c6e1481d6849ca4dc4b1d.php 第 235 行.
NOTIC: [8] Undefined index: u_provite D:\xampp\htdocs\TYN\tyn\Application\Runtime\Cache\Admin\3f695ff2db4c6e1481d6849ca4dc4b1d.php 第 339 行.
INFO: Run Behavior\ParseTemplateBehavior [ RunTime:0.006139s ]
INFO: [ view_parse ] --END-- [ RunTime:0.006158s ]
INFO: [ view_filter ] --START--
INFO: Run Behavior\WriteHtmlCacheBehavior [ RunTime:0.000350s ]
INFO: [ view_filter ] --END-- [ RunTime:0.000366s ]
INFO: [ app_end ] --START--
INFO: Run Behavior\ShowPageTraceBehavior [ RunTime:0.000579s ]
INFO: [ app_end ] --END-- [ RunTime:0.000600s ]

[ 2019-01-24T09:28:44+08:00 ] 127.0.0.1 /TYN/tyn/index.php/Admin/User/erruserlist.html
INFO: [ app_init ] --START--
INFO: Run Behavior\BuildLiteBehavior [ RunTime:0.000007s ]
INFO: [ app_init ] --END-- [ RunTime:0.000376s ]
INFO: [ app_begin ] --START--
INFO: Run Behavior\ReadHtmlCacheBehavior [ RunTime:0.000793s ]
INFO: [ app_begin ] --END-- [ RunTime:0.000841s ]
SQL: SHOW COLUMNS FROM `tyn_users` [ RunTime:0.0039s ]
SQL: SELECT * FROM `tyn_users` WHERE ( u_state=0 )  [ RunTime:0.0003s ]
INFO: [ view_parse ] --START--
INFO: [ template_filter ] --START--
INFO: Run Behavior\ContentReplaceBehavior [ RunTime:0.000074s ]
INFO: [ template_filter ] --END-- [ RunTime:0.000113s ]
NOTIC: [8] session_start(): A session had already been started - ignoring D:\xampp\htdocs\TYN\tyn\Application\Runtime\Cache\Admin\3f695ff2db4c6e1481d6849ca4dc4b1d.php 第 235 行.
NOTIC: [8] Undefined index: u_provite D:\xampp\htdocs\TYN\tyn\Application\Runtime\Cache\Admin\3f695ff2db4c6e1481d6849ca4dc4b1d.php 第 339 行.
INFO: Run Behavior\ParseTemplateBehavior [ RunTime:0.007920s ]
INFO: [ view_parse ] --END-- [ RunTime:0.007980s ]
INFO: [ view_filter ] --START--
INFO: Run Behavior\WriteHtmlCacheBehavior [ RunTime:0.005226s ]
INFO: [ view_filter ] --END-- [ RunTime:0.005250s ]
INFO: [ app_end ] --START--
INFO: Run Behavior\ShowPageTraceBehavior [ RunTime:0.000658s ]
INFO: [ app_end ] --END-- [ RunTime:0.000680s ]

[ 2019-01-24T09:28:44+08:00 ] 127.0.0.1 /TYN/tyn/index.php/Admin/User/erruserlist.html
INFO: [ app_init ] --START--
INFO: Run Behavior\BuildLiteBehavior [ RunTime:0.000006s ]
INFO: [ app_init ] --END-- [ RunTime:0.000360s ]
INFO: [ app_begin ] --START--
INFO: Run Behavior\ReadHtmlCacheBehavior [ RunTime:0.000483s ]
INFO: [ app_begin ] --END-- [ RunTime:0.000502s ]
SQL: SHOW COLUMNS FROM `tyn_users` [ RunTime:0.0049s ]
SQL: SELECT * FROM `tyn_users` WHERE ( u_state=0 )  [ RunTime:0.0005s ]
INFO: [ view_parse ] --START--
INFO: [ template_filter ] --START--
INFO: Run Behavior\ContentReplaceBehavior [ RunTime:0.000059s ]
INFO: [ template_filter ] --END-- [ RunTime:0.000083s ]
NOTIC: [8] session_start(): A session had already been started - ignoring D:\xampp\htdocs\TYN\tyn\Application\Runtime\Cache\Admin\3f695ff2db4c6e1481d6849ca4dc4b1d.php 第 235 行.
NOTIC: [8] Undefined index: u_provite D:\xampp\htdocs\TYN\tyn\Application\Runtime\Cache\Admin\3f695ff2db4c6e1481d6849ca4dc4b1d.php 第 339 行.
INFO: Run Behavior\ParseTemplateBehavior [ RunTime:0.006882s ]
INFO: [ view_parse ] --END-- [ RunTime:0.006912s ]
INFO: [ view_filter ] --START--
INFO: Run Behavior\WriteHtmlCacheBehavior [ RunTime:0.000477s ]
INFO: [ view_filter ] --END-- [ RunTime:0.000524s ]
INFO: [ app_end ] --START--
INFO: Run Behavior\ShowPageTraceBehavior [ RunTime:0.001359s ]
INFO: [ app_end ] --END-- [ RunTime:0.001397s ]

[ 2019-01-24T09:28:44+08:00 ] 127.0.0.1 /TYN/tyn/index.php/Admin/User/erruserlist.html
INFO: [ app_init ] --START--
INFO: Run Behavior\BuildLiteBehavior [ RunTime:0.000008s ]
INFO: [ app_init ] --END-- [ RunTime:0.000384s ]
INFO: [ app_begin ] --START--
INFO: Run Behavior\ReadHtmlCacheBehavior [ RunTime:0.000515s ]
INFO: [ app_begin ] --END-- [ RunTime:0.000542s ]
SQL: SHOW COLUMNS FROM `tyn_users` [ RunTime:0.0041s ]
SQL: SELECT * FROM `tyn_users` WHERE ( u_state=0 )  [ RunTime:0.0022s ]
INFO: [ view_parse ] --START--
INFO: [ template_filter ] --START--
INFO: Run Behavior\ContentReplaceBehavior [ RunTime:0.000062s ]
INFO: [ template_filter ] --END-- [ RunTime:0.000087s ]
NOTIC: [8] session_start(): A session had already been started - ignoring D:\xampp\htdocs\TYN\tyn\Application\Runtime\Cache\Admin\3f695ff2db4c6e1481d6849ca4dc4b1d.php 第 235 行.
NOTIC: [8] Undefined index: u_provite D:\xampp\htdocs\TYN\tyn\Application\Runtime\Cache\Admin\3f695ff2db4c6e1481d6849ca4dc4b1d.php 第 339 行.
INFO: Run Behavior\ParseTemplateBehavior [ RunTime:0.011559s ]
INFO: [ view_parse ] --END-- [ RunTime:0.011585s ]
INFO: [ view_filter ] --START--
INFO: Run Behavior\WriteHtmlCacheBehavior [ RunTime:0.000396s ]
INFO: [ view_filter ] --END-- [ RunTime:0.000416s ]
INFO: [ app_end ] --START--
INFO: Run Behavior\ShowPageTraceBehavior [ RunTime:0.000569s ]
INFO: [ app_end ] --END-- [ RunTime:0.000589s ]

[ 2019-01-24T09:28:55+08:00 ] 127.0.0.1 /TYN/tyn/index.php/Admin/User/erruserlist.html
INFO: [ app_init ] --START--
INFO: Run Behavior\BuildLiteBehavior [ RunTime:0.000009s ]
INFO: [ app_init ] --END-- [ RunTime:0.000778s ]
INFO: [ app_begin ] --START--
INFO: Run Behavior\ReadHtmlCacheBehavior [ RunTime:0.001195s ]
INFO: [ app_begin ] --END-- [ RunTime:0.001226s ]
SQL: SHOW COLUMNS FROM `tyn_users` [ RunTime:0.0038s ]
SQL: SELECT * FROM `tyn_users` WHERE ( u_state=0 )  [ RunTime:0.0002s ]
INFO: [ view_parse ] --START--
INFO: [ template_filter ] --START--
INFO: Run Behavior\ContentReplaceBehavior [ RunTime:0.000058s ]
INFO: [ template_filter ] --END-- [ RunTime:0.000077s ]
NOTIC: [8] session_start(): A session had already been started - ignoring D:\xampp\htdocs\TYN\tyn\Application\Runtime\Cache\Admin\3f695ff2db4c6e1481d6849ca4dc4b1d.php 第 235 行.
NOTIC: [8] Undefined index: u_provite D:\xampp\htdocs\TYN\tyn\Application\Runtime\Cache\Admin\3f695ff2db4c6e1481d6849ca4dc4b1d.php 第 339 行.
INFO: Run Behavior\ParseTemplateBehavior [ RunTime:0.008056s ]
INFO: [ view_parse ] --END-- [ RunTime:0.008074s ]
INFO: [ view_filter ] --START--
INFO: Run Behavior\WriteHtmlCacheBehavior [ RunTime:0.000580s ]
INFO: [ view_filter ] --END-- [ RunTime:0.000595s ]
INFO: [ app_end ] --START--
INFO: Run Behavior\ShowPageTraceBehavior [ RunTime:0.000912s ]
INFO: [ app_end ] --END-- [ RunTime:0.000929s ]

[ 2019-01-24T09:28:55+08:00 ] 127.0.0.1 /TYN/tyn/index.php/Admin/User/erruserlist.html
INFO: [ app_init ] --START--
INFO: Run Behavior\BuildLiteBehavior [ RunTime:0.000008s ]
INFO: [ app_init ] --END-- [ RunTime:0.000432s ]
INFO: [ app_begin ] --START--
INFO: Run Behavior\ReadHtmlCacheBehavior [ RunTime:0.000874s ]
INFO: [ app_begin ] --END-- [ RunTime:0.000906s ]
SQL: SHOW COLUMNS FROM `tyn_users` [ RunTime:0.0048s ]
SQL: SELECT * FROM `tyn_users` WHERE ( u_state=0 )  [ RunTime:0.0003s ]
INFO: [ view_parse ] --START--
INFO: [ template_filter ] --START--
INFO: Run Behavior\ContentReplaceBehavior [ RunTime:0.000061s ]
INFO: [ template_filter ] --END-- [ RunTime:0.000087s ]
NOTIC: [8] session_start(): A session had already been started - ignoring D:\xampp\htdocs\TYN\tyn\Application\Runtime\Cache\Admin\3f695ff2db4c6e1481d6849ca4dc4b1d.php 第 235 行.
NOTIC: [8] Undefined index: u_provite D:\xampp\htdocs\TYN\tyn\Application\Runtime\Cache\Admin\3f695ff2db4c6e1481d6849ca4dc4b1d.php 第 339 行.
INFO: Run Behavior\ParseTemplateBehavior [ RunTime:0.013179s ]
INFO: [ view_parse ] --END-- [ RunTime:0.013203s ]
INFO: [ view_filter ] --START--
INFO: Run Behavior\WriteHtmlCacheBehavior [ RunTime:0.000369s ]
INFO: [ view_filter ] --END-- [ RunTime:0.000387s ]
INFO: [ app_end ] --START--
INFO: Run Behavior\ShowPageTraceBehavior [ RunTime:0.000621s ]
INFO: [ app_end ] --END-- [ RunTime:0.000643s ]

[ 2019-01-24T09:28:55+08:00 ] 127.0.0.1 /TYN/tyn/index.php/Admin/User/erruserlist.html
INFO: [ app_init ] --START--
INFO: Run Behavior\BuildLiteBehavior [ RunTime:0.000009s ]
INFO: [ app_init ] --END-- [ RunTime:0.000429s ]
INFO: [ app_begin ] --START--
INFO: Run Behavior\ReadHtmlCacheBehavior [ RunTime:0.000605s ]
INFO: [ app_begin ] --END-- [ RunTime:0.000637s ]
SQL: SHOW COLUMNS FROM `tyn_users` [ RunTime:0.0230s ]
SQL: SELECT * FROM `tyn_users` WHERE ( u_state=0 )  [ RunTime:0.0003s ]
INFO: [ view_parse ] --START--
INFO: [ template_filter ] --START--
INFO: Run Behavior\ContentReplaceBehavior [ RunTime:0.000067s ]
INFO: [ template_filter ] --END-- [ RunTime:0.000101s ]
NOTIC: [8] session_start(): A session had already been started - ignoring D:\xampp\htdocs\TYN\tyn\Application\Runtime\Cache\Admin\3f695ff2db4c6e1481d6849ca4dc4b1d.php 第 235 行.
NOTIC: [8] Undefined index: u_provite D:\xampp\htdocs\TYN\tyn\Application\Runtime\Cache\Admin\3f695ff2db4c6e1481d6849ca4dc4b1d.php 第 339 行.
INFO: Run Behavior\ParseTemplateBehavior [ RunTime:0.007726s ]
INFO: [ view_parse ] --END-- [ RunTime:0.007753s ]
INFO: [ view_filter ] --START--
INFO: Run Behavior\WriteHtmlCacheBehavior [ RunTime:0.000379s ]
INFO: [ view_filter ] --END-- [ RunTime:0.000397s ]
INFO: [ app_end ] --START--
INFO: Run Behavior\ShowPageTraceBehavior [ RunTime:0.000572s ]
INFO: [ app_end ] --END-- [ RunTime:0.000591s ]

[ 2019-01-24T09:28:55+08:00 ] 127.0.0.1 /TYN/tyn/index.php/Admin/User/erruserlist.html
INFO: [ app_init ] --START--
INFO: Run Behavior\BuildLiteBehavior [ RunTime:0.000010s ]
INFO: [ app_init ] --END-- [ RunTime:0.000440s ]
INFO: [ app_begin ] --START--
INFO: Run Behavior\ReadHtmlCacheBehavior [ RunTime:0.000511s ]
INFO: [ app_begin ] --END-- [ RunTime:0.000533s ]
SQL: SHOW COLUMNS FROM `tyn_users` [ RunTime:0.0052s ]
SQL: SELECT * FROM `tyn_users` WHERE ( u_state=0 )  [ RunTime:0.0004s ]
INFO: [ view_parse ] --START--
INFO: [ template_filter ] --START--
INFO: Run Behavior\ContentReplaceBehavior [ RunTime:0.000071s ]
INFO: [ template_filter ] --END-- [ RunTime:0.000101s ]
NOTIC: [8] session_start(): A session had already been started - ignoring D:\xampp\htdocs\TYN\tyn\Application\Runtime\Cache\Admin\3f695ff2db4c6e1481d6849ca4dc4b1d.php 第 235 行.
NOTIC: [8] Undefined index: u_provite D:\xampp\htdocs\TYN\tyn\Application\Runtime\Cache\Admin\3f695ff2db4c6e1481d6849ca4dc4b1d.php 第 339 行.
INFO: Run Behavior\ParseTemplateBehavior [ RunTime:0.008271s ]
INFO: [ view_parse ] --END-- [ RunTime:0.008298s ]
INFO: [ view_filter ] --START--
INFO: Run Behavior\WriteHtmlCacheBehavior [ RunTime:0.005064s ]
INFO: [ view_filter ] --END-- [ RunTime:0.005098s ]
INFO: [ app_end ] --START--
INFO: Run Behavior\ShowPageTraceBehavior [ RunTime:0.000735s ]
INFO: [ app_end ] --END-- [ RunTime:0.000768s ]

