[ 2019-03-23T00:04:39+08:00 ] 127.0.0.1 /index.php/Admin/Goods/querygoods.html
INFO: [ app_init ] --START--
INFO: Run Behavior\BuildLiteBehavior [ RunTime:0.000000s ]
INFO: [ app_init ] --END-- [ RunTime:0.000000s ]
INFO: [ app_begin ] --START--
INFO: Run Behavior\ReadHtmlCacheBehavior [ RunTime:0.001001s ]
INFO: [ app_begin ] --END-- [ RunTime:0.001001s ]
NOTIC: [8] Undefined index: name E:\xampp\xampp\htdocs\tyn\bishe\Application\Admin\Controller\GoodsController.class.php 第 94 行.
NOTIC: [8] Undefined index: user E:\xampp\xampp\htdocs\tyn\bishe\Application\Admin\Controller\GoodsController.class.php 第 96 行.
NOTIC: [8] Undefined index: state E:\xampp\xampp\htdocs\tyn\bishe\Application\Admin\Controller\GoodsController.class.php 第 98 行.
INFO: [ view_parse ] --START--
INFO: [ template_filter ] --START--
INFO: Run Behavior\ContentReplaceBehavior [ RunTime:0.000000s ]
INFO: [ template_filter ] --END-- [ RunTime:0.001000s ]
NOTIC: [8] A session had already been started - ignoring session_start() E:\xampp\xampp\htdocs\tyn\bishe\Application\Runtime\Cache\Admin\7bc100acd67a9b2fe4ad93d587b0d3e1.php 第 231 行.
NOTIC: [8] Undefined index: ainfo E:\xampp\xampp\htdocs\tyn\bishe\Application\Runtime\Cache\Admin\7bc100acd67a9b2fe4ad93d587b0d3e1.php 第 241 行.
NOTIC: [8] Undefined variable: page E:\xampp\xampp\htdocs\tyn\bishe\Application\Runtime\Cache\Admin\7bc100acd67a9b2fe4ad93d587b0d3e1.php 第 365 行.
INFO: Run Behavior\ParseTemplateBehavior [ RunTime:0.013000s ]
INFO: [ view_parse ] --END-- [ RunTime:0.013000s ]
INFO: [ view_filter ] --START--
INFO: Run Behavior\WriteHtmlCacheBehavior [ RunTime:0.001000s ]
INFO: [ view_filter ] --END-- [ RunTime:0.001000s ]
INFO: [ app_end ] --START--
INFO: Run Behavior\ShowPageTraceBehavior [ RunTime:0.001000s ]
INFO: [ app_end ] --END-- [ RunTime:0.002001s ]

[ 2019-03-23T00:04:58+08:00 ] 127.0.0.1 /index.php/Admin/Notices/sendnotice.html
INFO: [ app_init ] --START--
INFO: Run Behavior\BuildLiteBehavior [ RunTime:0.000000s ]
INFO: [ app_init ] --END-- [ RunTime:0.001000s ]
INFO: [ app_begin ] --START--
INFO: Run Behavior\ReadHtmlCacheBehavior [ RunTime:0.002000s ]
INFO: [ app_begin ] --END-- [ RunTime:0.002000s ]
INFO: [ view_parse ] --START--
INFO: [ template_filter ] --START--
INFO: Run Behavior\ContentReplaceBehavior [ RunTime:0.000000s ]
INFO: [ template_filter ] --END-- [ RunTime:0.000000s ]
NOTIC: [8] A session had already been started - ignoring session_start() E:\xampp\xampp\htdocs\tyn\bishe\Application\Runtime\Cache\Admin\1ab55c05ccb37fd544e7707edd62f8d2.php 第 347 行.
NOTIC: [8] Undefined index: ainfo E:\xampp\xampp\htdocs\tyn\bishe\Application\Runtime\Cache\Admin\1ab55c05ccb37fd544e7707edd62f8d2.php 第 357 行.
INFO: Run Behavior\ParseTemplateBehavior [ RunTime:0.010000s ]
INFO: [ view_parse ] --END-- [ RunTime:0.010000s ]
INFO: [ view_filter ] --START--
INFO: Run Behavior\WriteHtmlCacheBehavior [ RunTime:0.001001s ]
INFO: [ view_filter ] --END-- [ RunTime:0.001001s ]
INFO: [ app_end ] --START--
INFO: Run Behavior\ShowPageTraceBehavior [ RunTime:0.001000s ]
INFO: [ app_end ] --END-- [ RunTime:0.001000s ]

[ 2019-03-23T23:29:30+08:00 ] 127.0.0.1 /index.php/Admin/Goods/querygoods.html
INFO: [ app_init ] --START--
INFO: Run Behavior\BuildLiteBehavior [ RunTime:0.000000s ]
INFO: [ app_init ] --END-- [ RunTime:0.001000s ]
INFO: [ app_begin ] --START--
INFO: Run Behavior\ReadHtmlCacheBehavior [ RunTime:0.001000s ]
INFO: [ app_begin ] --END-- [ RunTime:0.001000s ]
NOTIC: [8] Undefined index: name E:\xampp\xampp\htdocs\tyn\bishe\Application\Admin\Controller\GoodsController.class.php 第 94 行.
NOTIC: [8] Undefined index: user E:\xampp\xampp\htdocs\tyn\bishe\Application\Admin\Controller\GoodsController.class.php 第 96 行.
NOTIC: [8] Undefined index: state E:\xampp\xampp\htdocs\tyn\bishe\Application\Admin\Controller\GoodsController.class.php 第 98 行.
INFO: [ view_parse ] --START--
INFO: [ template_filter ] --START--
INFO: Run Behavior\ContentReplaceBehavior [ RunTime:0.000000s ]
INFO: [ template_filter ] --END-- [ RunTime:0.000000s ]
NOTIC: [8] A session had already been started - ignoring session_start() E:\xampp\xampp\htdocs\tyn\bishe\Application\Runtime\Cache\Admin\7bc100acd67a9b2fe4ad93d587b0d3e1.php 第 231 行.
NOTIC: [8] Undefined index: ainfo E:\xampp\xampp\htdocs\tyn\bishe\Application\Runtime\Cache\Admin\7bc100acd67a9b2fe4ad93d587b0d3e1.php 第 241 行.
NOTIC: [8] Undefined variable: page E:\xampp\xampp\htdocs\tyn\bishe\Application\Runtime\Cache\Admin\7bc100acd67a9b2fe4ad93d587b0d3e1.php 第 365 行.
INFO: Run Behavior\ParseTemplateBehavior [ RunTime:0.009001s ]
INFO: [ view_parse ] --END-- [ RunTime:0.009001s ]
INFO: [ view_filter ] --START--
INFO: Run Behavior\WriteHtmlCacheBehavior [ RunTime:0.000000s ]
INFO: [ view_filter ] --END-- [ RunTime:0.000000s ]
INFO: [ app_end ] --START--
INFO: Run Behavior\ShowPageTraceBehavior [ RunTime:0.001000s ]
INFO: [ app_end ] --END-- [ RunTime:0.001000s ]

