[ 2019-02-11T09:12:46+08:00 ] 127.0.0.1 /TYN/tyn/index.php/Admin/Login/index.html
INFO: [ app_init ] --START--
INFO: Run Behavior\BuildLiteBehavior [ RunTime:0.000036s ]
INFO: [ app_init ] --END-- [ RunTime:0.000934s ]
INFO: [ app_begin ] --START--
INFO: Run Behavior\ReadHtmlCacheBehavior [ RunTime:0.000968s ]
INFO: [ app_begin ] --END-- [ RunTime:0.001002s ]
INFO: [ view_parse ] --START--
INFO: [ template_filter ] --START--
INFO: Run Behavior\ContentReplaceBehavior [ RunTime:0.000035s ]
INFO: [ template_filter ] --END-- [ RunTime:0.000061s ]
INFO: Run Behavior\ParseTemplateBehavior [ RunTime:0.071551s ]
INFO: [ view_parse ] --END-- [ RunTime:0.071575s ]
INFO: [ view_filter ] --START--
INFO: Run Behavior\WriteHtmlCacheBehavior [ RunTime:0.000475s ]
INFO: [ view_filter ] --END-- [ RunTime:0.000489s ]

[ 2019-02-11T09:12:55+08:00 ] 127.0.0.1 /TYN/tyn/index.php/Admin/Login/index.html
INFO: [ app_init ] --START--
INFO: Run Behavior\BuildLiteBehavior [ RunTime:0.000011s ]
INFO: [ app_init ] --END-- [ RunTime:0.000508s ]
INFO: [ app_begin ] --START--
INFO: Run Behavior\ReadHtmlCacheBehavior [ RunTime:0.000848s ]
INFO: [ app_begin ] --END-- [ RunTime:0.000876s ]
SQL: SHOW COLUMNS FROM `tyn_admins` [ RunTime:0.0360s ]
SQL: SELECT * FROM `tyn_admins` WHERE `a_account` = 'xiaokeai' AND `a_pwd` = '123456' LIMIT 1   [ RunTime:0.0004s ]

[ 2019-02-11T09:12:55+08:00 ] 127.0.0.1 /TYN/tyn/index.php/Admin/Index/index
INFO: [ app_init ] --START--
INFO: Run Behavior\BuildLiteBehavior [ RunTime:0.000004s ]
INFO: [ app_init ] --END-- [ RunTime:0.000311s ]
INFO: [ app_begin ] --START--
INFO: Run Behavior\ReadHtmlCacheBehavior [ RunTime:0.000403s ]
INFO: [ app_begin ] --END-- [ RunTime:0.000420s ]
SQL: SHOW COLUMNS FROM `tyn_admins` [ RunTime:0.0204s ]
INFO: [ view_parse ] --START--
INFO: [ template_filter ] --START--
INFO: Run Behavior\ContentReplaceBehavior [ RunTime:0.000060s ]
INFO: [ template_filter ] --END-- [ RunTime:0.000086s ]
NOTIC: [8] session_start(): A session had already been started - ignoring D:\xampp\htdocs\TYN\tyn\Application\Runtime\Cache\Admin\6fedbbe541e195344bf1450076482852.php 第 266 行.
INFO: Run Behavior\ParseTemplateBehavior [ RunTime:0.066786s ]
INFO: [ view_parse ] --END-- [ RunTime:0.066810s ]
INFO: [ view_filter ] --START--
INFO: Run Behavior\WriteHtmlCacheBehavior [ RunTime:0.000566s ]
INFO: [ view_filter ] --END-- [ RunTime:0.000583s ]
INFO: [ app_end ] --START--
INFO: Run Behavior\ShowPageTraceBehavior [ RunTime:0.000908s ]
INFO: [ app_end ] --END-- [ RunTime:0.000963s ]

[ 2019-02-11T09:13:06+08:00 ] 127.0.0.1 /TYN/tyn/index.php/Admin/User/userlist.html
INFO: [ app_init ] --START--
INFO: Run Behavior\BuildLiteBehavior [ RunTime:0.000019s ]
INFO: [ app_init ] --END-- [ RunTime:0.000679s ]
INFO: [ app_begin ] --START--
INFO: Run Behavior\ReadHtmlCacheBehavior [ RunTime:0.000485s ]
INFO: [ app_begin ] --END-- [ RunTime:0.000503s ]
SQL: SHOW COLUMNS FROM `tyn_users` [ RunTime:0.0033s ]
SQL: SELECT * FROM `tyn_users` WHERE ( u_state=1 )  [ RunTime:0.0004s ]
INFO: [ view_parse ] --START--
INFO: [ template_filter ] --START--
INFO: Run Behavior\ContentReplaceBehavior [ RunTime:0.000126s ]
INFO: [ template_filter ] --END-- [ RunTime:0.000173s ]
NOTIC: [8] session_start(): A session had already been started - ignoring D:\xampp\htdocs\TYN\tyn\Application\Runtime\Cache\Admin\797ec7644f87ff792d95ad95b4745322.php 第 242 行.
NOTIC: [8] Undefined index: u_provite D:\xampp\htdocs\TYN\tyn\Application\Runtime\Cache\Admin\797ec7644f87ff792d95ad95b4745322.php 第 351 行.
INFO: Run Behavior\ParseTemplateBehavior [ RunTime:0.016185s ]
INFO: [ view_parse ] --END-- [ RunTime:0.016207s ]
INFO: [ view_filter ] --START--
INFO: Run Behavior\WriteHtmlCacheBehavior [ RunTime:0.000306s ]
INFO: [ view_filter ] --END-- [ RunTime:0.000319s ]
INFO: [ app_end ] --START--
INFO: Run Behavior\ShowPageTraceBehavior [ RunTime:0.000863s ]
INFO: [ app_end ] --END-- [ RunTime:0.000882s ]

[ 2019-02-11T09:13:24+08:00 ] 127.0.0.1 /TYN/tyn/index.php/Admin/User/erruserlist.html
INFO: [ app_init ] --START--
INFO: Run Behavior\BuildLiteBehavior [ RunTime:0.000011s ]
INFO: [ app_init ] --END-- [ RunTime:0.000714s ]
INFO: [ app_begin ] --START--
INFO: Run Behavior\ReadHtmlCacheBehavior [ RunTime:0.001038s ]
INFO: [ app_begin ] --END-- [ RunTime:0.001080s ]
SQL: SHOW COLUMNS FROM `tyn_users` [ RunTime:0.0158s ]
SQL: SELECT * FROM `tyn_users` WHERE ( u_state=0 )  [ RunTime:0.0005s ]
INFO: [ view_parse ] --START--
INFO: [ template_filter ] --START--
INFO: Run Behavior\ContentReplaceBehavior [ RunTime:0.000061s ]
INFO: [ template_filter ] --END-- [ RunTime:0.000082s ]
NOTIC: [8] session_start(): A session had already been started - ignoring D:\xampp\htdocs\TYN\tyn\Application\Runtime\Cache\Admin\3f695ff2db4c6e1481d6849ca4dc4b1d.php 第 242 行.
INFO: Run Behavior\ParseTemplateBehavior [ RunTime:0.049665s ]
INFO: [ view_parse ] --END-- [ RunTime:0.049682s ]
INFO: [ view_filter ] --START--
INFO: Run Behavior\WriteHtmlCacheBehavior [ RunTime:0.000268s ]
INFO: [ view_filter ] --END-- [ RunTime:0.000282s ]
INFO: [ app_end ] --START--
INFO: Run Behavior\ShowPageTraceBehavior [ RunTime:0.000552s ]
INFO: [ app_end ] --END-- [ RunTime:0.000569s ]

[ 2019-02-11T09:13:25+08:00 ] 127.0.0.1 /TYN/tyn/index.php/Admin/User/userlist.html
INFO: [ app_init ] --START--
INFO: Run Behavior\BuildLiteBehavior [ RunTime:0.000009s ]
INFO: [ app_init ] --END-- [ RunTime:0.000697s ]
INFO: [ app_begin ] --START--
INFO: Run Behavior\ReadHtmlCacheBehavior [ RunTime:0.000422s ]
INFO: [ app_begin ] --END-- [ RunTime:0.000438s ]
SQL: SHOW COLUMNS FROM `tyn_users` [ RunTime:0.0940s ]
SQL: SELECT * FROM `tyn_users` WHERE ( u_state=1 )  [ RunTime:0.0004s ]
INFO: [ view_parse ] --START--
INFO: [ template_filter ] --START--
INFO: Run Behavior\ContentReplaceBehavior [ RunTime:0.000067s ]
INFO: [ template_filter ] --END-- [ RunTime:0.000096s ]
NOTIC: [8] session_start(): A session had already been started - ignoring D:\xampp\htdocs\TYN\tyn\Application\Runtime\Cache\Admin\797ec7644f87ff792d95ad95b4745322.php 第 242 行.
NOTIC: [8] Undefined index: u_provite D:\xampp\htdocs\TYN\tyn\Application\Runtime\Cache\Admin\797ec7644f87ff792d95ad95b4745322.php 第 351 行.
INFO: Run Behavior\ParseTemplateBehavior [ RunTime:0.006593s ]
INFO: [ view_parse ] --END-- [ RunTime:0.006620s ]
INFO: [ view_filter ] --START--
INFO: Run Behavior\WriteHtmlCacheBehavior [ RunTime:0.000361s ]
INFO: [ view_filter ] --END-- [ RunTime:0.000380s ]
INFO: [ app_end ] --START--
INFO: Run Behavior\ShowPageTraceBehavior [ RunTime:0.000589s ]
INFO: [ app_end ] --END-- [ RunTime:0.000610s ]

