[ 2019-03-04T17:05:18+08:00 ] 127.0.0.1 /tyn/tyn/index.php/index/login/index
INFO: [ app_init ] --START--
INFO: Run Behavior\BuildLiteBehavior [ RunTime:0.000225s ]
INFO: [ app_init ] --END-- [ RunTime:0.002115s ]
INFO: [ app_begin ] --START--
INFO: Run Behavior\ReadHtmlCacheBehavior [ RunTime:0.002067s ]
INFO: [ app_begin ] --END-- [ RunTime:0.003204s ]
ERR: 无法加载控制器:Login

[ 2019-03-04T17:05:31+08:00 ] 127.0.0.1 /tyn/tyn/index.php/Index/login/index
INFO: [ app_init ] --START--
INFO: Run Behavior\BuildLiteBehavior [ RunTime:0.000347s ]
INFO: [ app_init ] --END-- [ RunTime:0.002976s ]
INFO: [ app_begin ] --START--
INFO: Run Behavior\ReadHtmlCacheBehavior [ RunTime:0.001390s ]
INFO: [ app_begin ] --END-- [ RunTime:0.002296s ]
ERR: 无法加载控制器:Login

[ 2019-03-04T17:06:11+08:00 ] 127.0.0.1 /tyn/tyn/index.php/index/login/index
INFO: [ app_init ] --START--
INFO: Run Behavior\BuildLiteBehavior [ RunTime:0.000221s ]
INFO: [ app_init ] --END-- [ RunTime:0.001869s ]
INFO: [ app_begin ] --START--
INFO: Run Behavior\ReadHtmlCacheBehavior [ RunTime:0.002287s ]
INFO: [ app_begin ] --END-- [ RunTime:0.003248s ]
ERR: 无法加载控制器:Login

[ 2019-03-04T17:06:16+08:00 ] 127.0.0.1 /tyn/tyn/index.php/index/index/index
INFO: [ app_init ] --START--
INFO: Run Behavior\BuildLiteBehavior [ RunTime:0.000222s ]
INFO: [ app_init ] --END-- [ RunTime:0.001781s ]
INFO: [ app_begin ] --START--
INFO: Run Behavior\ReadHtmlCacheBehavior [ RunTime:0.001470s ]
INFO: [ app_begin ] --END-- [ RunTime:0.002415s ]
INFO: [ view_parse ] --START--
INFO: Run Behavior\ParseTemplateBehavior [ RunTime:0.020884s ]
INFO: [ view_parse ] --END-- [ RunTime:0.021961s ]
INFO: [ view_filter ] --START--
INFO: Run Behavior\WriteHtmlCacheBehavior [ RunTime:0.006190s ]
INFO: [ view_filter ] --END-- [ RunTime:0.007696s ]
INFO: [ app_end ] --START--
INFO: Run Behavior\ShowPageTraceBehavior [ RunTime:0.001485s ]
INFO: [ app_end ] --END-- [ RunTime:0.002384s ]

